[ 2014-01-17T00:23:23+08:00 ] 127.0.0.1 /izhiqi/index.php
INFO: [ app_begin ] --START--
INFO: ReadHtmlCache Behavior ::run [ RunTime:0.000421s ]
INFO: [ app_begin ] --END-- [ RunTime:0.000546s ]
INFO: [ view_parse ] --START--
INFO: ParseTemplate Behavior ::run [ RunTime:0.008862s ]
INFO: [ view_parse ] --END-- [ RunTime:0.008968s ]
INFO: [ view_filter ] --START--
INFO: ContentReplace Behavior ::run [ RunTime:0.000288s ]
INFO: TokenBuild Behavior ::run [ RunTime:0.000209s ]
INFO: WriteHtmlCache Behavior ::run [ RunTime:0.000140s ]
INFO: ShowRuntime Behavior ::run [ RunTime:0.000297s ]
INFO: [ view_filter ] --END-- [ RunTime:0.001093s ]
INFO: [ view_end ] --START--
INFO: ShowPageTrace Behavior ::run [ RunTime:0.000406s ]
INFO: [ view_end ] --END-- [ RunTime:0.000473s ]

[ 2014-01-17T00:23:28+08:00 ] 127.0.0.1 /izhiqi/index.php/home
INFO: [ route_check ] --START--
INFO: CheckRoute Behavior ::run [ RunTime:0.000729s ]
INFO: [ route_check ] --END-- [ RunTime:0.000880s ]
INFO: [ app_begin ] --START--
INFO: ReadHtmlCache Behavior ::run [ RunTime:0.000992s ]
INFO: [ app_begin ] --END-- [ RunTime:0.001087s ]
ERR: 无法加载模块:Index

[ 2014-01-17T00:23:36+08:00 ] 127.0.0.1 /izhiqi/index.php/home/index/index.html
INFO: [ route_check ] --START--
INFO: CheckRoute Behavior ::run [ RunTime:0.000571s ]
INFO: [ route_check ] --END-- [ RunTime:0.000667s ]
INFO: [ app_begin ] --START--
INFO: ReadHtmlCache Behavior ::run [ RunTime:0.000374s ]
INFO: [ app_begin ] --END-- [ RunTime:0.000441s ]
ERR: 无法加载模块:index

[ 2014-01-17T00:27:38+08:00 ] 127.0.0.1 /izhiqi/index.php/home/index/index.html
INFO: [ route_check ] --START--
INFO: CheckRoute Behavior ::run [ RunTime:0.000577s ]
INFO: [ route_check ] --END-- [ RunTime:0.000670s ]
INFO: [ app_begin ] --START--
INFO: ReadHtmlCache Behavior ::run [ RunTime:0.000352s ]
INFO: [ app_begin ] --END-- [ RunTime:0.000419s ]
ERR: 无法加载模块:index

[ 2014-01-17T00:34:52+08:00 ] 127.0.0.1 /izhiqi/index.php/index
INFO: [ route_check ] --START--
INFO: CheckRoute Behavior ::run [ RunTime:0.000496s ]
INFO: [ route_check ] --END-- [ RunTime:0.000577s ]

[ 2014-01-17T00:34:53+08:00 ] 127.0.0.1 /izhiqi/index.php/Public/css/base.css
INFO: [ route_check ] --START--
INFO: CheckRoute Behavior ::run [ RunTime:0.000603s ]
INFO: [ route_check ] --END-- [ RunTime:0.000701s ]
ERR: 无法加载模块:Public

[ 2014-01-17T00:34:53+08:00 ] 127.0.0.1 /izhiqi/index.php/Public/css/common.css
INFO: [ route_check ] --START--
INFO: CheckRoute Behavior ::run [ RunTime:0.000527s ]
INFO: [ route_check ] --END-- [ RunTime:0.000656s ]
ERR: 无法加载模块:Public

[ 2014-01-17T00:34:53+08:00 ] 127.0.0.1 /izhiqi/index.php/Public/css/home.css
INFO: [ route_check ] --START--
INFO: CheckRoute Behavior ::run [ RunTime:0.000514s ]
INFO: [ route_check ] --END-- [ RunTime:0.000602s ]
ERR: 无法加载模块:Public

[ 2014-01-17T00:34:53+08:00 ] 127.0.0.1 /izhiqi/index.php/Public/js/jquery-1.8.2.min.js
INFO: [ route_check ] --START--
INFO: CheckRoute Behavior ::run [ RunTime:0.000497s ]
INFO: [ route_check ] --END-- [ RunTime:0.000585s ]
ERR: 无法加载模块:Public

[ 2014-01-17T00:34:53+08:00 ] 127.0.0.1 /izhiqi/index.php/Public/js/application.js
INFO: [ route_check ] --START--
INFO: CheckRoute Behavior ::run [ RunTime:0.000571s ]
INFO: [ route_check ] --END-- [ RunTime:0.000671s ]
ERR: 无法加载模块:Public

[ 2014-01-17T00:34:53+08:00 ] 127.0.0.1 /izhiqi/index.php/Public/js/jquery.backgroundSize.js
INFO: [ route_check ] --START--
INFO: CheckRoute Behavior ::run [ RunTime:0.000558s ]
INFO: [ route_check ] --END-- [ RunTime:0.000660s ]
ERR: 无法加载模块:Public

[ 2014-01-17T00:35:11+08:00 ] 127.0.0.1 /izhiqi/index.php/index/index.html
INFO: [ route_check ] --START--
INFO: CheckRoute Behavior ::run [ RunTime:0.000724s ]
INFO: [ route_check ] --END-- [ RunTime:0.000863s ]

[ 2014-01-17T00:35:12+08:00 ] 127.0.0.1 /izhiqi/index.php/index/Public/css/base.css
INFO: [ route_check ] --START--
INFO: CheckRoute Behavior ::run [ RunTime:0.000527s ]
INFO: [ route_check ] --END-- [ RunTime:0.000617s ]
ERR: 非法操作:public

[ 2014-01-17T00:35:12+08:00 ] 127.0.0.1 /izhiqi/index.php/index/Public/css/common.css
INFO: [ route_check ] --START--
INFO: CheckRoute Behavior ::run [ RunTime:0.000582s ]
INFO: [ route_check ] --END-- [ RunTime:0.000672s ]
ERR: 非法操作:public

[ 2014-01-17T00:35:12+08:00 ] 127.0.0.1 /izhiqi/index.php/index/Public/css/home.css
INFO: [ route_check ] --START--
INFO: CheckRoute Behavior ::run [ RunTime:0.000583s ]
INFO: [ route_check ] --END-- [ RunTime:0.000659s ]
ERR: 非法操作:public

[ 2014-01-17T00:35:12+08:00 ] 127.0.0.1 /izhiqi/index.php/index/Public/js/jquery.backgroundSize.js
INFO: [ route_check ] --START--
INFO: CheckRoute Behavior ::run [ RunTime:0.000522s ]
INFO: [ route_check ] --END-- [ RunTime:0.000609s ]
ERR: 非法操作:public

[ 2014-01-17T00:35:12+08:00 ] 127.0.0.1 /izhiqi/index.php/index/Public/js/application.js
INFO: [ route_check ] --START--
INFO: CheckRoute Behavior ::run [ RunTime:0.000485s ]
INFO: [ route_check ] --END-- [ RunTime:0.000565s ]
ERR: 非法操作:public

[ 2014-01-17T00:35:12+08:00 ] 127.0.0.1 /izhiqi/index.php/index/Public/js/jquery-1.8.2.min.js
INFO: [ route_check ] --START--
INFO: CheckRoute Behavior ::run [ RunTime:0.001775s ]
INFO: [ route_check ] --END-- [ RunTime:0.001885s ]
ERR: 非法操作:public

[ 2014-01-17T00:35:26+08:00 ] 127.0.0.1 /izhiqi/index.php/home/index/index.html
INFO: [ route_check ] --START--
INFO: CheckRoute Behavior ::run [ RunTime:0.000532s ]
INFO: [ route_check ] --END-- [ RunTime:0.000622s ]
INFO: [ app_begin ] --START--
INFO: ReadHtmlCache Behavior ::run [ RunTime:0.000358s ]
INFO: [ app_begin ] --END-- [ RunTime:0.000426s ]
ERR: 无法加载模块:index

[ 2014-01-17T00:35:36+08:00 ] 127.0.0.1 /izhiqi/index.php/
INFO: [ route_check ] --START--
INFO: CheckRoute Behavior ::run [ RunTime:0.000712s ]
INFO: [ route_check ] --END-- [ RunTime:0.000855s ]

[ 2014-01-17T00:35:36+08:00 ] 127.0.0.1 /izhiqi/index.php/Public/css/base.css
INFO: [ route_check ] --START--
INFO: CheckRoute Behavior ::run [ RunTime:0.000576s ]
INFO: [ route_check ] --END-- [ RunTime:0.000679s ]
ERR: 无法加载模块:Public

[ 2014-01-17T00:35:36+08:00 ] 127.0.0.1 /izhiqi/index.php/Public/js/jquery-1.8.2.min.js
INFO: [ route_check ] --START--
INFO: CheckRoute Behavior ::run [ RunTime:0.000509s ]
INFO: [ route_check ] --END-- [ RunTime:0.000599s ]
ERR: 无法加载模块:Public

[ 2014-01-17T00:35:36+08:00 ] 127.0.0.1 /izhiqi/index.php/Public/css/common.css
INFO: [ route_check ] --START--
INFO: CheckRoute Behavior ::run [ RunTime:0.007337s ]
INFO: [ route_check ] --END-- [ RunTime:0.007439s ]
ERR: 无法加载模块:Public

[ 2014-01-17T00:35:36+08:00 ] 127.0.0.1 /izhiqi/index.php/Public/js/application.js
INFO: [ route_check ] --START--
INFO: CheckRoute Behavior ::run [ RunTime:0.000524s ]
INFO: [ route_check ] --END-- [ RunTime:0.000614s ]
ERR: 无法加载模块:Public

[ 2014-01-17T00:35:36+08:00 ] 127.0.0.1 /izhiqi/index.php/Public/js/jquery.backgroundSize.js
INFO: [ route_check ] --START--
INFO: CheckRoute Behavior ::run [ RunTime:0.000577s ]
INFO: [ route_check ] --END-- [ RunTime:0.000672s ]
ERR: 无法加载模块:Public

[ 2014-01-17T00:35:36+08:00 ] 127.0.0.1 /izhiqi/index.php/Public/css/home.css
INFO: [ route_check ] --START--
INFO: CheckRoute Behavior ::run [ RunTime:0.000706s ]
INFO: [ route_check ] --END-- [ RunTime:0.000844s ]
ERR: 无法加载模块:Public

[ 2014-01-17T00:36:02+08:00 ] 127.0.0.1 /izhiqi/index.php/Home/Index/index.html
INFO: [ route_check ] --START--
INFO: CheckRoute Behavior ::run [ RunTime:0.000510s ]
INFO: [ route_check ] --END-- [ RunTime:0.000601s ]

[ 2014-01-17T00:36:02+08:00 ] 127.0.0.1 /izhiqi/index.php/Home/Index/Public/css/base.css
INFO: [ route_check ] --START--
INFO: CheckRoute Behavior ::run [ RunTime:0.000572s ]
INFO: [ route_check ] --END-- [ RunTime:0.000665s ]
ERR: 非法操作:public

[ 2014-01-17T00:36:02+08:00 ] 127.0.0.1 /izhiqi/index.php/Home/Index/Public/css/common.css
INFO: [ route_check ] --START--
INFO: CheckRoute Behavior ::run [ RunTime:0.000721s ]
INFO: [ route_check ] --END-- [ RunTime:0.000871s ]
ERR: 非法操作:public

[ 2014-01-17T00:36:02+08:00 ] 127.0.0.1 /izhiqi/index.php/Home/Index/Public/js/application.js
INFO: [ route_check ] --START--
INFO: CheckRoute Behavior ::run [ RunTime:0.000507s ]
INFO: [ route_check ] --END-- [ RunTime:0.000598s ]
ERR: 非法操作:public

[ 2014-01-17T00:36:02+08:00 ] 127.0.0.1 /izhiqi/index.php/Home/Index/Public/js/jquery-1.8.2.min.js
INFO: [ route_check ] --START--
INFO: CheckRoute Behavior ::run [ RunTime:0.000558s ]
INFO: [ route_check ] --END-- [ RunTime:0.000659s ]
ERR: 非法操作:public

[ 2014-01-17T00:36:02+08:00 ] 127.0.0.1 /izhiqi/index.php/Home/Index/Public/css/home.css
INFO: [ route_check ] --START--
INFO: CheckRoute Behavior ::run [ RunTime:0.000640s ]
INFO: [ route_check ] --END-- [ RunTime:0.000753s ]
ERR: 非法操作:public

[ 2014-01-17T00:36:02+08:00 ] 127.0.0.1 /izhiqi/index.php/Home/Index/Public/js/jquery.backgroundSize.js
INFO: [ route_check ] --START--
INFO: CheckRoute Behavior ::run [ RunTime:0.000766s ]
INFO: [ route_check ] --END-- [ RunTime:0.000908s ]
ERR: 非法操作:public

[ 2014-01-17T00:36:24+08:00 ] 127.0.0.1 /izhiqi/index.php/Home/Index/index.html
INFO: [ route_check ] --START--
INFO: CheckRoute Behavior ::run [ RunTime:0.000585s ]
INFO: [ route_check ] --END-- [ RunTime:0.000675s ]

[ 2014-01-17T00:36:24+08:00 ] 127.0.0.1 /izhiqi/index.php/Home/Index/Public/css/base.css
INFO: [ route_check ] --START--
INFO: CheckRoute Behavior ::run [ RunTime:0.000563s ]
INFO: [ route_check ] --END-- [ RunTime:0.000664s ]
ERR: 非法操作:public

[ 2014-01-17T00:36:24+08:00 ] 127.0.0.1 /izhiqi/index.php/Home/Index/Public/css/common.css
INFO: [ route_check ] --START--
INFO: CheckRoute Behavior ::run [ RunTime:0.000495s ]
INFO: [ route_check ] --END-- [ RunTime:0.000577s ]
ERR: 非法操作:public

[ 2014-01-17T00:36:24+08:00 ] 127.0.0.1 /izhiqi/index.php/Home/Index/Public/css/home.css
INFO: [ route_check ] --START--
INFO: CheckRoute Behavior ::run [ RunTime:0.000584s ]
INFO: [ route_check ] --END-- [ RunTime:0.000678s ]
ERR: 非法操作:public

[ 2014-01-17T00:36:24+08:00 ] 127.0.0.1 /izhiqi/index.php/Home/Index/Public/js/jquery-1.8.2.min.js
INFO: [ route_check ] --START--
INFO: CheckRoute Behavior ::run [ RunTime:0.000528s ]
INFO: [ route_check ] --END-- [ RunTime:0.000622s ]
ERR: 非法操作:public

[ 2014-01-17T00:36:24+08:00 ] 127.0.0.1 /izhiqi/index.php/Home/Index/Public/js/jquery.backgroundSize.js
INFO: [ route_check ] --START--
INFO: CheckRoute Behavior ::run [ RunTime:0.000542s ]
INFO: [ route_check ] --END-- [ RunTime:0.000643s ]
ERR: 非法操作:public

[ 2014-01-17T00:36:24+08:00 ] 127.0.0.1 /izhiqi/index.php/Home/Index/Public/js/application.js
INFO: [ route_check ] --START--
INFO: CheckRoute Behavior ::run [ RunTime:0.001668s ]
INFO: [ route_check ] --END-- [ RunTime:0.001798s ]
ERR: 非法操作:public

[ 2014-01-17T00:53:17+08:00 ] 127.0.0.1 /izhiqi/index.php/login/userRegister.html
INFO: [ route_check ] --START--
INFO: CheckRoute Behavior ::run [ RunTime:0.000660s ]
INFO: [ route_check ] --END-- [ RunTime:0.000800s ]

[ 2014-01-17T00:53:17+08:00 ] 127.0.0.1 /izhiqi/index.php/login/Public/css/base.css
INFO: [ route_check ] --START--
INFO: CheckRoute Behavior ::run [ RunTime:0.000512s ]
INFO: [ route_check ] --END-- [ RunTime:0.000598s ]
ERR: 非法操作:public

[ 2014-01-17T00:53:17+08:00 ] 127.0.0.1 /izhiqi/index.php/login/Public/css/common.css
INFO: [ route_check ] --START--
INFO: CheckRoute Behavior ::run [ RunTime:0.000500s ]
INFO: [ route_check ] --END-- [ RunTime:0.000584s ]
ERR: 非法操作:public

[ 2014-01-17T00:53:17+08:00 ] 127.0.0.1 /izhiqi/index.php/login/Public/css/personal.css
INFO: [ route_check ] --START--
INFO: CheckRoute Behavior ::run [ RunTime:0.000573s ]
INFO: [ route_check ] --END-- [ RunTime:0.000665s ]
ERR: 非法操作:public

[ 2014-01-17T00:53:17+08:00 ] 127.0.0.1 /izhiqi/index.php/login/Public/js/jquery-1.8.2.min.js
INFO: [ route_check ] --START--
INFO: CheckRoute Behavior ::run [ RunTime:0.003764s ]
INFO: [ route_check ] --END-- [ RunTime:0.003869s ]
ERR: 非法操作:public

[ 2014-01-17T00:53:17+08:00 ] 127.0.0.1 /izhiqi/index.php/login/Public/js/Validform_v5.3.2.js
INFO: [ route_check ] --START--
INFO: CheckRoute Behavior ::run [ RunTime:0.000679s ]
INFO: [ route_check ] --END-- [ RunTime:0.000806s ]
ERR: 非法操作:public

