[ 2014-01-18T09:20:50+08:00 ] 127.0.0.1 /izhiqi/index.php/login/userRegister.html
INFO: [ route_check ] --START--
INFO: CheckRoute Behavior ::run [ RunTime:0.023501s ]
INFO: [ route_check ] --END-- [ RunTime:0.023695s ]

[ 2014-01-18T09:20:50+08:00 ] 127.0.0.1 /izhiqi/index.php/login/Public/css/base.css
INFO: [ route_check ] --START--
INFO: CheckRoute Behavior ::run [ RunTime:0.000492s ]
INFO: [ route_check ] --END-- [ RunTime:0.000578s ]
ERR: 非法操作:public

[ 2014-01-18T09:20:50+08:00 ] 127.0.0.1 /izhiqi/index.php/login/Public/css/common.css
INFO: [ route_check ] --START--
INFO: CheckRoute Behavior ::run [ RunTime:0.000607s ]
INFO: [ route_check ] --END-- [ RunTime:0.000730s ]
ERR: 非法操作:public

[ 2014-01-18T09:20:51+08:00 ] 127.0.0.1 /izhiqi/index.php/login/Public/css/personal.css
INFO: [ route_check ] --START--
INFO: CheckRoute Behavior ::run [ RunTime:0.000602s ]
INFO: [ route_check ] --END-- [ RunTime:0.000708s ]
ERR: 非法操作:public

[ 2014-01-18T09:20:51+08:00 ] 127.0.0.1 /izhiqi/index.php/login/Public/js/Validform_v5.3.2.js
INFO: [ route_check ] --START--
INFO: CheckRoute Behavior ::run [ RunTime:0.000517s ]
INFO: [ route_check ] --END-- [ RunTime:0.000606s ]
ERR: 非法操作:public

[ 2014-01-18T09:20:51+08:00 ] 127.0.0.1 /izhiqi/index.php/login/Public/js/jquery-1.8.2.min.js
INFO: [ route_check ] --START--
INFO: CheckRoute Behavior ::run [ RunTime:0.000597s ]
INFO: [ route_check ] --END-- [ RunTime:0.000713s ]
ERR: 非法操作:public

[ 2014-01-18T09:24:09+08:00 ] 127.0.0.1 /izhiqi/index.php/login/userRegister.html
INFO: [ route_check ] --START--
INFO: CheckRoute Behavior ::run [ RunTime:0.000611s ]
INFO: [ route_check ] --END-- [ RunTime:0.000704s ]

[ 2014-01-18T09:24:09+08:00 ] 127.0.0.1 /izhiqi/index.php/login/Public/css/base.css
INFO: [ route_check ] --START--
INFO: CheckRoute Behavior ::run [ RunTime:0.000584s ]
INFO: [ route_check ] --END-- [ RunTime:0.000677s ]
ERR: 非法操作:public

[ 2014-01-18T09:24:09+08:00 ] 127.0.0.1 /izhiqi/index.php/login/Public/css/personal.css
INFO: [ route_check ] --START--
INFO: CheckRoute Behavior ::run [ RunTime:0.000690s ]
INFO: [ route_check ] --END-- [ RunTime:0.000808s ]
ERR: 非法操作:public

[ 2014-01-18T09:24:09+08:00 ] 127.0.0.1 /izhiqi/index.php/login/Public/css/common.css
INFO: [ route_check ] --START--
INFO: CheckRoute Behavior ::run [ RunTime:0.000814s ]
INFO: [ route_check ] --END-- [ RunTime:0.000987s ]
ERR: 非法操作:public

[ 2014-01-18T09:24:09+08:00 ] 127.0.0.1 /izhiqi/index.php/login/Public/js/Validform_v5.3.2.js
INFO: [ route_check ] --START--
INFO: CheckRoute Behavior ::run [ RunTime:0.000678s ]
INFO: [ route_check ] --END-- [ RunTime:0.000807s ]
ERR: 非法操作:public

[ 2014-01-18T09:24:09+08:00 ] 127.0.0.1 /izhiqi/index.php/login/Public/js/jquery-1.8.2.min.js
INFO: [ route_check ] --START--
INFO: CheckRoute Behavior ::run [ RunTime:0.000666s ]
INFO: [ route_check ] --END-- [ RunTime:0.000789s ]
ERR: 非法操作:public

[ 2014-01-18T09:24:22+08:00 ] 127.0.0.1 /izhiqi/index.php/search/job.html
INFO: [ route_check ] --START--
INFO: CheckRoute Behavior ::run [ RunTime:0.000545s ]
INFO: [ route_check ] --END-- [ RunTime:0.000639s ]

[ 2014-01-18T09:24:25+08:00 ] 127.0.0.1 /izhiqi/index.php/login/Public/js/jquery-1.8.2.min.js
INFO: [ route_check ] --START--
INFO: CheckRoute Behavior ::run [ RunTime:0.000674s ]
INFO: [ route_check ] --END-- [ RunTime:0.000802s ]
ERR: 非法操作:public

[ 2014-01-18T09:24:25+08:00 ] 127.0.0.1 /izhiqi/index.php/login/Public/js/Validform_v5.3.2.js
INFO: [ route_check ] --START--
INFO: CheckRoute Behavior ::run [ RunTime:0.000700s ]
INFO: [ route_check ] --END-- [ RunTime:0.000841s ]
ERR: 非法操作:public

[ 2014-01-18T09:25:57+08:00 ] 127.0.0.1 /izhiqi/index.php/login/Public/css/base.css
INFO: [ route_check ] --START--
INFO: CheckRoute Behavior ::run [ RunTime:0.000560s ]
INFO: [ route_check ] --END-- [ RunTime:0.000687s ]
ERR: 非法操作:public

[ 2014-01-18T09:26:23+08:00 ] 127.0.0.1 /izhiqi/index.php/home/index/index.html
INFO: [ route_check ] --START--
INFO: CheckRoute Behavior ::run [ RunTime:0.000552s ]
INFO: [ route_check ] --END-- [ RunTime:0.000644s ]
INFO: [ app_begin ] --START--
INFO: ReadHtmlCache Behavior ::run [ RunTime:0.000397s ]
INFO: [ app_begin ] --END-- [ RunTime:0.000456s ]
ERR: 无法加载模块:index

[ 2014-01-18T09:27:32+08:00 ] 127.0.0.1 /izhiqi/index.php/home/index/index.html
INFO: [ route_check ] --START--
INFO: CheckRoute Behavior ::run [ RunTime:0.000666s ]
INFO: [ route_check ] --END-- [ RunTime:0.000792s ]
INFO: [ app_begin ] --START--
INFO: ReadHtmlCache Behavior ::run [ RunTime:0.000368s ]
INFO: [ app_begin ] --END-- [ RunTime:0.000436s ]
ERR: 无法加载模块:index

[ 2014-01-18T09:36:15+08:00 ] 127.0.0.1 /izhiqi/index.php/home/index/index.html
INFO: [ route_check ] --START--
INFO: CheckRoute Behavior ::run [ RunTime:0.000518s ]
INFO: [ route_check ] --END-- [ RunTime:0.000608s ]
INFO: [ app_begin ] --START--
INFO: ReadHtmlCache Behavior ::run [ RunTime:0.000317s ]
INFO: [ app_begin ] --END-- [ RunTime:0.000375s ]
ERR: 无法加载模块:index

[ 2014-01-18T09:39:03+08:00 ] 127.0.0.1 /izhiqi/index.php/home/index/index.html
INFO: [ route_check ] --START--
INFO: CheckRoute Behavior ::run [ RunTime:0.000643s ]
INFO: [ route_check ] --END-- [ RunTime:0.000761s ]

[ 2014-01-18T09:39:03+08:00 ] 127.0.0.1 /izhiqi/index.php/home/index/Public/css/base.css
INFO: [ route_check ] --START--
INFO: CheckRoute Behavior ::run [ RunTime:0.000561s ]
INFO: [ route_check ] --END-- [ RunTime:0.000667s ]
ERR: 非法操作:public

[ 2014-01-18T09:39:03+08:00 ] 127.0.0.1 /izhiqi/index.php/home/index/Public/css/common.css
INFO: [ route_check ] --START--
INFO: CheckRoute Behavior ::run [ RunTime:0.000558s ]
INFO: [ route_check ] --END-- [ RunTime:0.000655s ]
ERR: 非法操作:public

[ 2014-01-18T09:39:03+08:00 ] 127.0.0.1 /izhiqi/index.php/home/index/Public/js/application.js
INFO: [ route_check ] --START--
INFO: CheckRoute Behavior ::run [ RunTime:0.000577s ]
INFO: [ route_check ] --END-- [ RunTime:0.000683s ]
ERR: 非法操作:public

[ 2014-01-18T09:39:03+08:00 ] 127.0.0.1 /izhiqi/index.php/home/index/Public/css/home.css
INFO: [ route_check ] --START--
INFO: CheckRoute Behavior ::run [ RunTime:0.000604s ]
INFO: [ route_check ] --END-- [ RunTime:0.000696s ]
ERR: 非法操作:public

[ 2014-01-18T09:39:03+08:00 ] 127.0.0.1 /izhiqi/index.php/home/index/Public/js/jquery-1.8.2.min.js
INFO: [ route_check ] --START--
INFO: CheckRoute Behavior ::run [ RunTime:0.000607s ]
INFO: [ route_check ] --END-- [ RunTime:0.000721s ]
ERR: 非法操作:public

[ 2014-01-18T09:39:03+08:00 ] 127.0.0.1 /izhiqi/index.php/home/index/Public/js/jquery.backgroundSize.js
INFO: [ route_check ] --START--
INFO: CheckRoute Behavior ::run [ RunTime:0.000529s ]
INFO: [ route_check ] --END-- [ RunTime:0.000613s ]
ERR: 非法操作:public

[ 2014-01-18T09:39:06+08:00 ] 127.0.0.1 /izhiqi/index.php/home/index/index.html
INFO: [ route_check ] --START--
INFO: CheckRoute Behavior ::run [ RunTime:0.000581s ]
INFO: [ route_check ] --END-- [ RunTime:0.000693s ]

[ 2014-01-18T09:39:06+08:00 ] 127.0.0.1 /izhiqi/index.php/home/index/Public/css/common.css
INFO: [ route_check ] --START--
INFO: CheckRoute Behavior ::run [ RunTime:0.000578s ]
INFO: [ route_check ] --END-- [ RunTime:0.000687s ]
ERR: 非法操作:public

[ 2014-01-18T09:39:06+08:00 ] 127.0.0.1 /izhiqi/index.php/home/index/Public/css/home.css
INFO: [ route_check ] --START--
INFO: CheckRoute Behavior ::run [ RunTime:0.000557s ]
INFO: [ route_check ] --END-- [ RunTime:0.000657s ]
ERR: 非法操作:public

[ 2014-01-18T09:39:06+08:00 ] 127.0.0.1 /izhiqi/index.php/home/index/Public/css/base.css
INFO: [ route_check ] --START--
INFO: CheckRoute Behavior ::run [ RunTime:0.000572s ]
INFO: [ route_check ] --END-- [ RunTime:0.000682s ]
ERR: 非法操作:public

[ 2014-01-18T09:39:06+08:00 ] 127.0.0.1 /izhiqi/index.php/home/index/Public/js/application.js
INFO: [ route_check ] --START--
INFO: CheckRoute Behavior ::run [ RunTime:0.000538s ]
INFO: [ route_check ] --END-- [ RunTime:0.000634s ]
ERR: 非法操作:public

[ 2014-01-18T09:39:06+08:00 ] 127.0.0.1 /izhiqi/index.php/home/index/Public/js/jquery-1.8.2.min.js
INFO: [ route_check ] --START--
INFO: CheckRoute Behavior ::run [ RunTime:0.000590s ]
INFO: [ route_check ] --END-- [ RunTime:0.000698s ]
ERR: 非法操作:public

[ 2014-01-18T09:39:06+08:00 ] 127.0.0.1 /izhiqi/index.php/home/index/Public/js/jquery.backgroundSize.js
INFO: [ route_check ] --START--
INFO: CheckRoute Behavior ::run [ RunTime:0.000538s ]
INFO: [ route_check ] --END-- [ RunTime:0.000631s ]
ERR: 非法操作:public

[ 2014-01-18T09:39:25+08:00 ] 127.0.0.1 /izhiqi/index.php/home/index/Public/css/base.css
INFO: [ route_check ] --START--
INFO: CheckRoute Behavior ::run [ RunTime:0.000636s ]
INFO: [ route_check ] --END-- [ RunTime:0.000771s ]
ERR: 非法操作:public

[ 2014-01-18T09:42:31+08:00 ] 127.0.0.1 /izhiqi/index.php/home/index/index.html
INFO: [ route_check ] --START--
INFO: CheckRoute Behavior ::run [ RunTime:0.000659s ]
INFO: [ route_check ] --END-- [ RunTime:0.000784s ]
NOTIC: [8] Use of undefined constant __Public__ - assumed '__Public__' /home/xhj/izhiqi/izhiqi/Conf/Home/Dev/siteconfig.php 第 39 行.
NOTIC: [8] Use of undefined constant __Public__ - assumed '__Public__' /home/xhj/izhiqi/izhiqi/Conf/Home/Dev/siteconfig.php 第 40 行.

[ 2014-01-18T09:42:31+08:00 ] 127.0.0.1 /izhiqi/index.php/home/index/__Public__Public/css/base.css
INFO: [ route_check ] --START--
INFO: CheckRoute Behavior ::run [ RunTime:0.000508s ]
INFO: [ route_check ] --END-- [ RunTime:0.000599s ]
NOTIC: [8] Use of undefined constant __Public__ - assumed '__Public__' /home/xhj/izhiqi/izhiqi/Conf/Home/Dev/siteconfig.php 第 39 行.
NOTIC: [8] Use of undefined constant __Public__ - assumed '__Public__' /home/xhj/izhiqi/izhiqi/Conf/Home/Dev/siteconfig.php 第 40 行.
ERR: 非法操作:__public__public

[ 2014-01-18T09:42:31+08:00 ] 127.0.0.1 /izhiqi/index.php/home/index/__Public__Public/css/common.css
INFO: [ route_check ] --START--
INFO: CheckRoute Behavior ::run [ RunTime:0.000542s ]
INFO: [ route_check ] --END-- [ RunTime:0.000637s ]
NOTIC: [8] Use of undefined constant __Public__ - assumed '__Public__' /home/xhj/izhiqi/izhiqi/Conf/Home/Dev/siteconfig.php 第 39 行.
NOTIC: [8] Use of undefined constant __Public__ - assumed '__Public__' /home/xhj/izhiqi/izhiqi/Conf/Home/Dev/siteconfig.php 第 40 行.
ERR: 非法操作:__public__public

[ 2014-01-18T09:42:31+08:00 ] 127.0.0.1 /izhiqi/index.php/home/index/__Public__Public/css/home.css
INFO: [ route_check ] --START--
INFO: CheckRoute Behavior ::run [ RunTime:0.000529s ]
INFO: [ route_check ] --END-- [ RunTime:0.000616s ]
NOTIC: [8] Use of undefined constant __Public__ - assumed '__Public__' /home/xhj/izhiqi/izhiqi/Conf/Home/Dev/siteconfig.php 第 39 行.
NOTIC: [8] Use of undefined constant __Public__ - assumed '__Public__' /home/xhj/izhiqi/izhiqi/Conf/Home/Dev/siteconfig.php 第 40 行.
ERR: 非法操作:__public__public

[ 2014-01-18T09:42:31+08:00 ] 127.0.0.1 /izhiqi/index.php/home/index/__Public__Public/js/jquery-1.8.2.min.js
INFO: [ route_check ] --START--
INFO: CheckRoute Behavior ::run [ RunTime:0.000498s ]
INFO: [ route_check ] --END-- [ RunTime:0.000591s ]
NOTIC: [8] Use of undefined constant __Public__ - assumed '__Public__' /home/xhj/izhiqi/izhiqi/Conf/Home/Dev/siteconfig.php 第 39 行.
NOTIC: [8] Use of undefined constant __Public__ - assumed '__Public__' /home/xhj/izhiqi/izhiqi/Conf/Home/Dev/siteconfig.php 第 40 行.
ERR: 非法操作:__public__public

[ 2014-01-18T09:42:31+08:00 ] 127.0.0.1 /izhiqi/index.php/home/index/__Public__Public/js/jquery.backgroundSize.js
INFO: [ route_check ] --START--
INFO: CheckRoute Behavior ::run [ RunTime:0.000510s ]
INFO: [ route_check ] --END-- [ RunTime:0.000600s ]
NOTIC: [8] Use of undefined constant __Public__ - assumed '__Public__' /home/xhj/izhiqi/izhiqi/Conf/Home/Dev/siteconfig.php 第 39 行.
NOTIC: [8] Use of undefined constant __Public__ - assumed '__Public__' /home/xhj/izhiqi/izhiqi/Conf/Home/Dev/siteconfig.php 第 40 行.
ERR: 非法操作:__public__public

[ 2014-01-18T09:42:31+08:00 ] 127.0.0.1 /izhiqi/index.php/home/index/__Public__Public/js/application.js
INFO: [ route_check ] --START--
INFO: CheckRoute Behavior ::run [ RunTime:0.000560s ]
INFO: [ route_check ] --END-- [ RunTime:0.000686s ]
NOTIC: [8] Use of undefined constant __Public__ - assumed '__Public__' /home/xhj/izhiqi/izhiqi/Conf/Home/Dev/siteconfig.php 第 39 行.
NOTIC: [8] Use of undefined constant __Public__ - assumed '__Public__' /home/xhj/izhiqi/izhiqi/Conf/Home/Dev/siteconfig.php 第 40 行.
ERR: 非法操作:__public__public

[ 2014-01-18T09:42:35+08:00 ] 127.0.0.1 /izhiqi/index.php/home/index/index.html
INFO: [ route_check ] --START--
INFO: CheckRoute Behavior ::run [ RunTime:0.000527s ]
INFO: [ route_check ] --END-- [ RunTime:0.000615s ]
NOTIC: [8] Use of undefined constant __Public__ - assumed '__Public__' /home/xhj/izhiqi/izhiqi/Conf/Home/Dev/siteconfig.php 第 39 行.
NOTIC: [8] Use of undefined constant __Public__ - assumed '__Public__' /home/xhj/izhiqi/izhiqi/Conf/Home/Dev/siteconfig.php 第 40 行.

[ 2014-01-18T09:42:53+08:00 ] 127.0.0.1 /izhiqi/index.php/home/index/index.html
INFO: [ route_check ] --START--
INFO: CheckRoute Behavior ::run [ RunTime:0.000520s ]
INFO: [ route_check ] --END-- [ RunTime:0.000610s ]
NOTIC: [8] Use of undefined constant __Public__ - assumed '__Public__' /home/xhj/izhiqi/izhiqi/Conf/Home/Dev/siteconfig.php 第 39 行.
NOTIC: [8] Use of undefined constant __Public__ - assumed '__Public__' /home/xhj/izhiqi/izhiqi/Conf/Home/Dev/siteconfig.php 第 40 行.

[ 2014-01-18T09:42:55+08:00 ] 127.0.0.1 /izhiqi/index.php/home/index/index.html
INFO: [ route_check ] --START--
INFO: CheckRoute Behavior ::run [ RunTime:0.000518s ]
INFO: [ route_check ] --END-- [ RunTime:0.000613s ]
NOTIC: [8] Use of undefined constant __Public__ - assumed '__Public__' /home/xhj/izhiqi/izhiqi/Conf/Home/Dev/siteconfig.php 第 39 行.
NOTIC: [8] Use of undefined constant __Public__ - assumed '__Public__' /home/xhj/izhiqi/izhiqi/Conf/Home/Dev/siteconfig.php 第 40 行.

[ 2014-01-18T09:44:10+08:00 ] 127.0.0.1 /izhiqi/index.php/home/index/index.html
INFO: [ route_check ] --START--
INFO: CheckRoute Behavior ::run [ RunTime:0.000597s ]
INFO: [ route_check ] --END-- [ RunTime:0.000696s ]
NOTIC: [8] Use of undefined constant __Public__ - assumed '__Public__' /home/xhj/izhiqi/izhiqi/Conf/Home/Dev/siteconfig.php 第 40 行.
NOTIC: [8] Use of undefined constant __Public__ - assumed '__Public__' /home/xhj/izhiqi/izhiqi/Conf/Home/Dev/siteconfig.php 第 41 行.

[ 2014-01-18T09:44:10+08:00 ] 127.0.0.1 /izhiqi/index.php/home/index/__Public__/css/base.css
INFO: [ route_check ] --START--
INFO: CheckRoute Behavior ::run [ RunTime:0.000593s ]
INFO: [ route_check ] --END-- [ RunTime:0.000692s ]
NOTIC: [8] Use of undefined constant __Public__ - assumed '__Public__' /home/xhj/izhiqi/izhiqi/Conf/Home/Dev/siteconfig.php 第 40 行.
NOTIC: [8] Use of undefined constant __Public__ - assumed '__Public__' /home/xhj/izhiqi/izhiqi/Conf/Home/Dev/siteconfig.php 第 41 行.
ERR: 非法操作:__public__

[ 2014-01-18T09:44:10+08:00 ] 127.0.0.1 /izhiqi/index.php/home/index/__Public__/css/common.css
INFO: [ route_check ] --START--
INFO: CheckRoute Behavior ::run [ RunTime:0.000506s ]
INFO: [ route_check ] --END-- [ RunTime:0.000593s ]
NOTIC: [8] Use of undefined constant __Public__ - assumed '__Public__' /home/xhj/izhiqi/izhiqi/Conf/Home/Dev/siteconfig.php 第 40 行.
NOTIC: [8] Use of undefined constant __Public__ - assumed '__Public__' /home/xhj/izhiqi/izhiqi/Conf/Home/Dev/siteconfig.php 第 41 行.
ERR: 非法操作:__public__

[ 2014-01-18T09:44:10+08:00 ] 127.0.0.1 /izhiqi/index.php/home/index/__Public__/js/jquery-1.8.2.min.js
INFO: [ route_check ] --START--
INFO: CheckRoute Behavior ::run [ RunTime:0.000513s ]
INFO: [ route_check ] --END-- [ RunTime:0.000602s ]
NOTIC: [8] Use of undefined constant __Public__ - assumed '__Public__' /home/xhj/izhiqi/izhiqi/Conf/Home/Dev/siteconfig.php 第 40 行.
NOTIC: [8] Use of undefined constant __Public__ - assumed '__Public__' /home/xhj/izhiqi/izhiqi/Conf/Home/Dev/siteconfig.php 第 41 行.
ERR: 非法操作:__public__

[ 2014-01-18T09:44:10+08:00 ] 127.0.0.1 /izhiqi/index.php/home/index/__Public__/css/home.css
INFO: [ route_check ] --START--
INFO: CheckRoute Behavior ::run [ RunTime:0.000575s ]
INFO: [ route_check ] --END-- [ RunTime:0.000674s ]
NOTIC: [8] Use of undefined constant __Public__ - assumed '__Public__' /home/xhj/izhiqi/izhiqi/Conf/Home/Dev/siteconfig.php 第 40 行.
NOTIC: [8] Use of undefined constant __Public__ - assumed '__Public__' /home/xhj/izhiqi/izhiqi/Conf/Home/Dev/siteconfig.php 第 41 行.
ERR: 非法操作:__public__

[ 2014-01-18T09:44:10+08:00 ] 127.0.0.1 /izhiqi/index.php/home/index/__Public__/js/application.js
INFO: [ route_check ] --START--
INFO: CheckRoute Behavior ::run [ RunTime:0.000587s ]
INFO: [ route_check ] --END-- [ RunTime:0.000687s ]
NOTIC: [8] Use of undefined constant __Public__ - assumed '__Public__' /home/xhj/izhiqi/izhiqi/Conf/Home/Dev/siteconfig.php 第 40 行.
NOTIC: [8] Use of undefined constant __Public__ - assumed '__Public__' /home/xhj/izhiqi/izhiqi/Conf/Home/Dev/siteconfig.php 第 41 行.
ERR: 非法操作:__public__

[ 2014-01-18T09:44:10+08:00 ] 127.0.0.1 /izhiqi/index.php/home/index/__Public__/js/jquery.backgroundSize.js
INFO: [ route_check ] --START--
INFO: CheckRoute Behavior ::run [ RunTime:0.004365s ]
INFO: [ route_check ] --END-- [ RunTime:0.004475s ]
NOTIC: [8] Use of undefined constant __Public__ - assumed '__Public__' /home/xhj/izhiqi/izhiqi/Conf/Home/Dev/siteconfig.php 第 40 行.
NOTIC: [8] Use of undefined constant __Public__ - assumed '__Public__' /home/xhj/izhiqi/izhiqi/Conf/Home/Dev/siteconfig.php 第 41 行.
ERR: 非法操作:__public__

[ 2014-01-18T09:44:13+08:00 ] 127.0.0.1 /izhiqi/index.php/home/index/index.html
INFO: [ route_check ] --START--
INFO: CheckRoute Behavior ::run [ RunTime:0.000680s ]
INFO: [ route_check ] --END-- [ RunTime:0.000772s ]
NOTIC: [8] Use of undefined constant __Public__ - assumed '__Public__' /home/xhj/izhiqi/izhiqi/Conf/Home/Dev/siteconfig.php 第 40 行.
NOTIC: [8] Use of undefined constant __Public__ - assumed '__Public__' /home/xhj/izhiqi/izhiqi/Conf/Home/Dev/siteconfig.php 第 41 行.

[ 2014-01-18T09:44:15+08:00 ] 127.0.0.1 /izhiqi/index.php/home/index/index.html
INFO: [ route_check ] --START--
INFO: CheckRoute Behavior ::run [ RunTime:0.000585s ]
INFO: [ route_check ] --END-- [ RunTime:0.000693s ]
NOTIC: [8] Use of undefined constant __Public__ - assumed '__Public__' /home/xhj/izhiqi/izhiqi/Conf/Home/Dev/siteconfig.php 第 40 行.
NOTIC: [8] Use of undefined constant __Public__ - assumed '__Public__' /home/xhj/izhiqi/izhiqi/Conf/Home/Dev/siteconfig.php 第 41 行.

[ 2014-01-18T09:44:24+08:00 ] 127.0.0.1 /izhiqi/index.php/home/index/index.html
INFO: [ route_check ] --START--
INFO: CheckRoute Behavior ::run [ RunTime:0.000589s ]
INFO: [ route_check ] --END-- [ RunTime:0.000688s ]
NOTIC: [8] Use of undefined constant __Public__ - assumed '__Public__' /home/xhj/izhiqi/izhiqi/Conf/Home/Dev/siteconfig.php 第 40 行.
NOTIC: [8] Use of undefined constant __Public__ - assumed '__Public__' /home/xhj/izhiqi/izhiqi/Conf/Home/Dev/siteconfig.php 第 41 行.

[ 2014-01-18T09:44:27+08:00 ] 127.0.0.1 /izhiqi/index.php/home/index/index.html
INFO: [ route_check ] --START--
INFO: CheckRoute Behavior ::run [ RunTime:0.000519s ]
INFO: [ route_check ] --END-- [ RunTime:0.000615s ]
NOTIC: [8] Use of undefined constant __Public__ - assumed '__Public__' /home/xhj/izhiqi/izhiqi/Conf/Home/Dev/siteconfig.php 第 40 行.
NOTIC: [8] Use of undefined constant __Public__ - assumed '__Public__' /home/xhj/izhiqi/izhiqi/Conf/Home/Dev/siteconfig.php 第 41 行.

[ 2014-01-18T09:44:29+08:00 ] 127.0.0.1 /izhiqi/index.php/home/index/index.html
INFO: [ route_check ] --START--
INFO: CheckRoute Behavior ::run [ RunTime:0.000613s ]
INFO: [ route_check ] --END-- [ RunTime:0.000724s ]
NOTIC: [8] Use of undefined constant __Public__ - assumed '__Public__' /home/xhj/izhiqi/izhiqi/Conf/Home/Dev/siteconfig.php 第 40 行.
NOTIC: [8] Use of undefined constant __Public__ - assumed '__Public__' /home/xhj/izhiqi/izhiqi/Conf/Home/Dev/siteconfig.php 第 41 行.

[ 2014-01-18T09:44:29+08:00 ] 127.0.0.1 /izhiqi/index.php/home/index/__Public__/js/jquery-1.8.2.min.js
INFO: [ route_check ] --START--
INFO: CheckRoute Behavior ::run [ RunTime:0.000501s ]
INFO: [ route_check ] --END-- [ RunTime:0.000589s ]
NOTIC: [8] Use of undefined constant __Public__ - assumed '__Public__' /home/xhj/izhiqi/izhiqi/Conf/Home/Dev/siteconfig.php 第 40 行.
NOTIC: [8] Use of undefined constant __Public__ - assumed '__Public__' /home/xhj/izhiqi/izhiqi/Conf/Home/Dev/siteconfig.php 第 41 行.
ERR: 非法操作:__public__

[ 2014-01-18T09:44:29+08:00 ] 127.0.0.1 /izhiqi/index.php/home/index/__Public__/css/home.css
INFO: [ route_check ] --START--
INFO: CheckRoute Behavior ::run [ RunTime:0.000549s ]
INFO: [ route_check ] --END-- [ RunTime:0.000645s ]
NOTIC: [8] Use of undefined constant __Public__ - assumed '__Public__' /home/xhj/izhiqi/izhiqi/Conf/Home/Dev/siteconfig.php 第 40 行.
NOTIC: [8] Use of undefined constant __Public__ - assumed '__Public__' /home/xhj/izhiqi/izhiqi/Conf/Home/Dev/siteconfig.php 第 41 行.
ERR: 非法操作:__public__

[ 2014-01-18T09:44:29+08:00 ] 127.0.0.1 /izhiqi/index.php/home/index/__Public__/css/base.css
INFO: [ route_check ] --START--
INFO: CheckRoute Behavior ::run [ RunTime:0.000617s ]
INFO: [ route_check ] --END-- [ RunTime:0.000738s ]
NOTIC: [8] Use of undefined constant __Public__ - assumed '__Public__' /home/xhj/izhiqi/izhiqi/Conf/Home/Dev/siteconfig.php 第 40 行.
NOTIC: [8] Use of undefined constant __Public__ - assumed '__Public__' /home/xhj/izhiqi/izhiqi/Conf/Home/Dev/siteconfig.php 第 41 行.
ERR: 非法操作:__public__

[ 2014-01-18T09:44:29+08:00 ] 127.0.0.1 /izhiqi/index.php/home/index/__Public__/js/application.js
INFO: [ route_check ] --START--
INFO: CheckRoute Behavior ::run [ RunTime:0.000514s ]
INFO: [ route_check ] --END-- [ RunTime:0.000595s ]
NOTIC: [8] Use of undefined constant __Public__ - assumed '__Public__' /home/xhj/izhiqi/izhiqi/Conf/Home/Dev/siteconfig.php 第 40 行.
NOTIC: [8] Use of undefined constant __Public__ - assumed '__Public__' /home/xhj/izhiqi/izhiqi/Conf/Home/Dev/siteconfig.php 第 41 行.
ERR: 非法操作:__public__

[ 2014-01-18T09:44:29+08:00 ] 127.0.0.1 /izhiqi/index.php/home/index/__Public__/css/common.css
INFO: [ route_check ] --START--
INFO: CheckRoute Behavior ::run [ RunTime:0.000624s ]
INFO: [ route_check ] --END-- [ RunTime:0.000736s ]
NOTIC: [8] Use of undefined constant __Public__ - assumed '__Public__' /home/xhj/izhiqi/izhiqi/Conf/Home/Dev/siteconfig.php 第 40 行.
NOTIC: [8] Use of undefined constant __Public__ - assumed '__Public__' /home/xhj/izhiqi/izhiqi/Conf/Home/Dev/siteconfig.php 第 41 行.
ERR: 非法操作:__public__

[ 2014-01-18T09:44:29+08:00 ] 127.0.0.1 /izhiqi/index.php/home/index/__Public__/js/jquery.backgroundSize.js
INFO: [ route_check ] --START--
INFO: CheckRoute Behavior ::run [ RunTime:0.000539s ]
INFO: [ route_check ] --END-- [ RunTime:0.000640s ]
NOTIC: [8] Use of undefined constant __Public__ - assumed '__Public__' /home/xhj/izhiqi/izhiqi/Conf/Home/Dev/siteconfig.php 第 40 行.
NOTIC: [8] Use of undefined constant __Public__ - assumed '__Public__' /home/xhj/izhiqi/izhiqi/Conf/Home/Dev/siteconfig.php 第 41 行.
ERR: 非法操作:__public__

[ 2014-01-18T09:44:31+08:00 ] 127.0.0.1 /izhiqi/index.php/home/index/index.html
INFO: [ route_check ] --START--
INFO: CheckRoute Behavior ::run [ RunTime:0.000690s ]
INFO: [ route_check ] --END-- [ RunTime:0.000814s ]
NOTIC: [8] Use of undefined constant __Public__ - assumed '__Public__' /home/xhj/izhiqi/izhiqi/Conf/Home/Dev/siteconfig.php 第 40 行.
NOTIC: [8] Use of undefined constant __Public__ - assumed '__Public__' /home/xhj/izhiqi/izhiqi/Conf/Home/Dev/siteconfig.php 第 41 行.

[ 2014-01-18T09:44:55+08:00 ] 127.0.0.1 /izhiqi/index.php/home/index/index.html
INFO: [ route_check ] --START--
INFO: CheckRoute Behavior ::run [ RunTime:0.000558s ]
INFO: [ route_check ] --END-- [ RunTime:0.000657s ]
NOTIC: [8] Use of undefined constant __PUBLIC__ - assumed '__PUBLIC__' /home/xhj/izhiqi/izhiqi/Conf/Home/Dev/siteconfig.php 第 40 行.
NOTIC: [8] Use of undefined constant __PUBLIC__ - assumed '__PUBLIC__' /home/xhj/izhiqi/izhiqi/Conf/Home/Dev/siteconfig.php 第 41 行.

[ 2014-01-18T09:44:55+08:00 ] 127.0.0.1 /izhiqi/index.php/home/index/__PUBLIC__/css/base.css
INFO: [ route_check ] --START--
INFO: CheckRoute Behavior ::run [ RunTime:0.000571s ]
INFO: [ route_check ] --END-- [ RunTime:0.000675s ]
NOTIC: [8] Use of undefined constant __PUBLIC__ - assumed '__PUBLIC__' /home/xhj/izhiqi/izhiqi/Conf/Home/Dev/siteconfig.php 第 40 行.
NOTIC: [8] Use of undefined constant __PUBLIC__ - assumed '__PUBLIC__' /home/xhj/izhiqi/izhiqi/Conf/Home/Dev/siteconfig.php 第 41 行.
ERR: 非法操作:__public__

[ 2014-01-18T09:44:55+08:00 ] 127.0.0.1 /izhiqi/index.php/home/index/__PUBLIC__/css/common.css
INFO: [ route_check ] --START--
INFO: CheckRoute Behavior ::run [ RunTime:0.000503s ]
INFO: [ route_check ] --END-- [ RunTime:0.000597s ]
NOTIC: [8] Use of undefined constant __PUBLIC__ - assumed '__PUBLIC__' /home/xhj/izhiqi/izhiqi/Conf/Home/Dev/siteconfig.php 第 40 行.
NOTIC: [8] Use of undefined constant __PUBLIC__ - assumed '__PUBLIC__' /home/xhj/izhiqi/izhiqi/Conf/Home/Dev/siteconfig.php 第 41 行.
ERR: 非法操作:__public__

[ 2014-01-18T09:44:55+08:00 ] 127.0.0.1 /izhiqi/index.php/home/index/__PUBLIC__/css/home.css
INFO: [ route_check ] --START--
INFO: CheckRoute Behavior ::run [ RunTime:0.000504s ]
INFO: [ route_check ] --END-- [ RunTime:0.000602s ]
NOTIC: [8] Use of undefined constant __PUBLIC__ - assumed '__PUBLIC__' /home/xhj/izhiqi/izhiqi/Conf/Home/Dev/siteconfig.php 第 40 行.
NOTIC: [8] Use of undefined constant __PUBLIC__ - assumed '__PUBLIC__' /home/xhj/izhiqi/izhiqi/Conf/Home/Dev/siteconfig.php 第 41 行.
ERR: 非法操作:__public__

[ 2014-01-18T09:44:55+08:00 ] 127.0.0.1 /izhiqi/index.php/home/index/__PUBLIC__/js/jquery-1.8.2.min.js
INFO: [ route_check ] --START--
INFO: CheckRoute Behavior ::run [ RunTime:0.000554s ]
INFO: [ route_check ] --END-- [ RunTime:0.000642s ]
NOTIC: [8] Use of undefined constant __PUBLIC__ - assumed '__PUBLIC__' /home/xhj/izhiqi/izhiqi/Conf/Home/Dev/siteconfig.php 第 40 行.
NOTIC: [8] Use of undefined constant __PUBLIC__ - assumed '__PUBLIC__' /home/xhj/izhiqi/izhiqi/Conf/Home/Dev/siteconfig.php 第 41 行.
ERR: 非法操作:__public__

[ 2014-01-18T09:44:55+08:00 ] 127.0.0.1 /izhiqi/index.php/home/index/__PUBLIC__/js/application.js
INFO: [ route_check ] --START--
INFO: CheckRoute Behavior ::run [ RunTime:0.000576s ]
INFO: [ route_check ] --END-- [ RunTime:0.000675s ]
NOTIC: [8] Use of undefined constant __PUBLIC__ - assumed '__PUBLIC__' /home/xhj/izhiqi/izhiqi/Conf/Home/Dev/siteconfig.php 第 40 行.
NOTIC: [8] Use of undefined constant __PUBLIC__ - assumed '__PUBLIC__' /home/xhj/izhiqi/izhiqi/Conf/Home/Dev/siteconfig.php 第 41 行.
ERR: 非法操作:__public__

[ 2014-01-18T09:44:55+08:00 ] 127.0.0.1 /izhiqi/index.php/home/index/__PUBLIC__/js/jquery.backgroundSize.js
INFO: [ route_check ] --START--
INFO: CheckRoute Behavior ::run [ RunTime:0.000587s ]
INFO: [ route_check ] --END-- [ RunTime:0.000699s ]
NOTIC: [8] Use of undefined constant __PUBLIC__ - assumed '__PUBLIC__' /home/xhj/izhiqi/izhiqi/Conf/Home/Dev/siteconfig.php 第 40 行.
NOTIC: [8] Use of undefined constant __PUBLIC__ - assumed '__PUBLIC__' /home/xhj/izhiqi/izhiqi/Conf/Home/Dev/siteconfig.php 第 41 行.
ERR: 非法操作:__public__

[ 2014-01-18T09:44:59+08:00 ] 127.0.0.1 /izhiqi/index.php/home/index/index.html
INFO: [ route_check ] --START--
INFO: CheckRoute Behavior ::run [ RunTime:0.000561s ]
INFO: [ route_check ] --END-- [ RunTime:0.000678s ]
NOTIC: [8] Use of undefined constant __PUBLIC__ - assumed '__PUBLIC__' /home/xhj/izhiqi/izhiqi/Conf/Home/Dev/siteconfig.php 第 40 行.
NOTIC: [8] Use of undefined constant __PUBLIC__ - assumed '__PUBLIC__' /home/xhj/izhiqi/izhiqi/Conf/Home/Dev/siteconfig.php 第 41 行.

[ 2014-01-18T09:45:31+08:00 ] 127.0.0.1 /izhiqi/index.php/home/index/index.html
INFO: [ route_check ] --START--
INFO: CheckRoute Behavior ::run [ RunTime:0.000519s ]
INFO: [ route_check ] --END-- [ RunTime:0.000609s ]
NOTIC: [8] Use of undefined constant __PUBLIC__ - assumed '__PUBLIC__' /home/xhj/izhiqi/izhiqi/Conf/Home/Dev/siteconfig.php 第 40 行.

[ 2014-01-18T09:45:31+08:00 ] 127.0.0.1 /izhiqi/index.php/home/index/__PUBLIC__/js/application.js
INFO: [ route_check ] --START--
INFO: CheckRoute Behavior ::run [ RunTime:0.003046s ]
INFO: [ route_check ] --END-- [ RunTime:0.003194s ]
NOTIC: [8] Use of undefined constant __PUBLIC__ - assumed '__PUBLIC__' /home/xhj/izhiqi/izhiqi/Conf/Home/Dev/siteconfig.php 第 40 行.
ERR: 非法操作:__public__

[ 2014-01-18T09:45:31+08:00 ] 127.0.0.1 /izhiqi/index.php/home/index/__PUBLIC__/js/jquery-1.8.2.min.js
INFO: [ route_check ] --START--
INFO: CheckRoute Behavior ::run [ RunTime:0.000691s ]
INFO: [ route_check ] --END-- [ RunTime:0.000808s ]
NOTIC: [8] Use of undefined constant __PUBLIC__ - assumed '__PUBLIC__' /home/xhj/izhiqi/izhiqi/Conf/Home/Dev/siteconfig.php 第 40 行.
ERR: 非法操作:__public__

[ 2014-01-18T09:45:31+08:00 ] 127.0.0.1 /izhiqi/index.php/home/index/__PUBLIC__/js/jquery.backgroundSize.js
INFO: [ route_check ] --START--
INFO: CheckRoute Behavior ::run [ RunTime:0.000552s ]
INFO: [ route_check ] --END-- [ RunTime:0.000654s ]
NOTIC: [8] Use of undefined constant __PUBLIC__ - assumed '__PUBLIC__' /home/xhj/izhiqi/izhiqi/Conf/Home/Dev/siteconfig.php 第 40 行.
ERR: 非法操作:__public__

[ 2014-01-18T09:47:25+08:00 ] 127.0.0.1 /izhiqi/index.php/home/index/index.html
INFO: [ route_check ] --START--
INFO: CheckRoute Behavior ::run [ RunTime:0.000539s ]
INFO: [ route_check ] --END-- [ RunTime:0.000627s ]
NOTIC: [8] Use of undefined constant __PUBLIC__ - assumed '__PUBLIC__' /home/xhj/izhiqi/izhiqi/Conf/Home/Dev/siteconfig.php 第 40 行.

[ 2014-01-18T09:47:25+08:00 ] 127.0.0.1 /izhiqi/index.php/home/index/__PUBLIC__/js/jquery-1.8.2.min.js
INFO: [ route_check ] --START--
INFO: CheckRoute Behavior ::run [ RunTime:0.000643s ]
INFO: [ route_check ] --END-- [ RunTime:0.000754s ]
NOTIC: [8] Use of undefined constant __PUBLIC__ - assumed '__PUBLIC__' /home/xhj/izhiqi/izhiqi/Conf/Home/Dev/siteconfig.php 第 40 行.
ERR: 非法操作:__public__

[ 2014-01-18T09:47:25+08:00 ] 127.0.0.1 /izhiqi/index.php/home/index/__PUBLIC__/js/jquery.backgroundSize.js
INFO: [ route_check ] --START--
INFO: CheckRoute Behavior ::run [ RunTime:0.006600s ]
INFO: [ route_check ] --END-- [ RunTime:0.006720s ]
NOTIC: [8] Use of undefined constant __PUBLIC__ - assumed '__PUBLIC__' /home/xhj/izhiqi/izhiqi/Conf/Home/Dev/siteconfig.php 第 40 行.
ERR: 非法操作:__public__

[ 2014-01-18T09:47:25+08:00 ] 127.0.0.1 /izhiqi/index.php/home/index/__PUBLIC__/js/application.js
INFO: [ route_check ] --START--
INFO: CheckRoute Behavior ::run [ RunTime:0.007213s ]
INFO: [ route_check ] --END-- [ RunTime:0.007302s ]
NOTIC: [8] Use of undefined constant __PUBLIC__ - assumed '__PUBLIC__' /home/xhj/izhiqi/izhiqi/Conf/Home/Dev/siteconfig.php 第 40 行.
ERR: 非法操作:__public__

[ 2014-01-18T09:47:57+08:00 ] 127.0.0.1 /izhiqi/index.php/home/index/index.html
INFO: [ route_check ] --START--
INFO: CheckRoute Behavior ::run [ RunTime:0.000616s ]
INFO: [ route_check ] --END-- [ RunTime:0.000717s ]
NOTIC: [8] Use of undefined constant __PUBLIC__ - assumed '__PUBLIC__' /home/xhj/izhiqi/izhiqi/Conf/Home/Dev/siteconfig.php 第 40 行.

[ 2014-01-18T09:47:57+08:00 ] 127.0.0.1 /izhiqi/index.php/home/index/__PUBLIC__/js/application.js
INFO: [ route_check ] --START--
INFO: CheckRoute Behavior ::run [ RunTime:0.000507s ]
INFO: [ route_check ] --END-- [ RunTime:0.000595s ]
NOTIC: [8] Use of undefined constant __PUBLIC__ - assumed '__PUBLIC__' /home/xhj/izhiqi/izhiqi/Conf/Home/Dev/siteconfig.php 第 40 行.
ERR: 非法操作:__public__

[ 2014-01-18T09:47:57+08:00 ] 127.0.0.1 /izhiqi/index.php/home/index/__PUBLIC__/js/jquery.backgroundSize.js
INFO: [ route_check ] --START--
INFO: CheckRoute Behavior ::run [ RunTime:0.000549s ]
INFO: [ route_check ] --END-- [ RunTime:0.000645s ]
NOTIC: [8] Use of undefined constant __PUBLIC__ - assumed '__PUBLIC__' /home/xhj/izhiqi/izhiqi/Conf/Home/Dev/siteconfig.php 第 40 行.
ERR: 非法操作:__public__

[ 2014-01-18T09:47:57+08:00 ] 127.0.0.1 /izhiqi/index.php/home/index/__PUBLIC__/js/jquery-1.8.2.min.js
INFO: [ route_check ] --START--
INFO: CheckRoute Behavior ::run [ RunTime:0.000749s ]
INFO: [ route_check ] --END-- [ RunTime:0.000896s ]
NOTIC: [8] Use of undefined constant __PUBLIC__ - assumed '__PUBLIC__' /home/xhj/izhiqi/izhiqi/Conf/Home/Dev/siteconfig.php 第 40 行.
ERR: 非法操作:__public__

[ 2014-01-18T09:48:00+08:00 ] 127.0.0.1 /izhiqi/index.php/home/index/index.html
INFO: [ route_check ] --START--
INFO: CheckRoute Behavior ::run [ RunTime:0.001119s ]
INFO: [ route_check ] --END-- [ RunTime:0.001227s ]
NOTIC: [8] Use of undefined constant __PUBLIC__ - assumed '__PUBLIC__' /home/xhj/izhiqi/izhiqi/Conf/Home/Dev/siteconfig.php 第 40 行.

[ 2014-01-18T09:50:44+08:00 ] 127.0.0.1 /izhiqi/index.php
NOTIC: [8] Use of undefined constant __PUBLIC__ - assumed '__PUBLIC__' /home/xhj/izhiqi/izhiqi/Conf/Home/Dev/siteconfig.php 第 40 行.

[ 2014-01-18T09:50:48+08:00 ] 127.0.0.1 /izhiqi/
NOTIC: [8] Use of undefined constant __PUBLIC__ - assumed '__PUBLIC__' /home/xhj/izhiqi/izhiqi/Conf/Home/Dev/siteconfig.php 第 40 行.

[ 2014-01-18T09:50:52+08:00 ] 127.0.0.1 /izhiqi/index.php/home/index/index.html
INFO: [ route_check ] --START--
INFO: CheckRoute Behavior ::run [ RunTime:0.000511s ]
INFO: [ route_check ] --END-- [ RunTime:0.000600s ]
NOTIC: [8] Use of undefined constant __PUBLIC__ - assumed '__PUBLIC__' /home/xhj/izhiqi/izhiqi/Conf/Home/Dev/siteconfig.php 第 40 行.

[ 2014-01-18T09:51:09+08:00 ] 127.0.0.1 /izhiqi/
NOTIC: [8] Use of undefined constant __PUBLIC__ - assumed '__PUBLIC__' /home/xhj/izhiqi/izhiqi/Conf/Home/Dev/siteconfig.php 第 40 行.

[ 2014-01-18T09:51:12+08:00 ] 127.0.0.1 /izhiqi/index.php
NOTIC: [8] Use of undefined constant __PUBLIC__ - assumed '__PUBLIC__' /home/xhj/izhiqi/izhiqi/Conf/Home/Dev/siteconfig.php 第 40 行.

[ 2014-01-18T09:51:22+08:00 ] 127.0.0.1 /izhiqi/index.php/Home
INFO: [ route_check ] --START--
INFO: CheckRoute Behavior ::run [ RunTime:0.000497s ]
INFO: [ route_check ] --END-- [ RunTime:0.000582s ]
NOTIC: [8] Use of undefined constant __PUBLIC__ - assumed '__PUBLIC__' /home/xhj/izhiqi/izhiqi/Conf/Home/Dev/siteconfig.php 第 40 行.

[ 2014-01-18T09:51:22+08:00 ] 127.0.0.1 /izhiqi/index.php/Public/css/base.css
INFO: [ route_check ] --START--
INFO: CheckRoute Behavior ::run [ RunTime:0.000533s ]
INFO: [ route_check ] --END-- [ RunTime:0.000624s ]
NOTIC: [8] Use of undefined constant __PUBLIC__ - assumed '__PUBLIC__' /home/xhj/izhiqi/izhiqi/Conf/Home/Dev/siteconfig.php 第 40 行.
ERR: 无法加载模块:Public

[ 2014-01-18T09:51:22+08:00 ] 127.0.0.1 /izhiqi/index.php/Public/css/common.css
INFO: [ route_check ] --START--
INFO: CheckRoute Behavior ::run [ RunTime:0.000560s ]
INFO: [ route_check ] --END-- [ RunTime:0.000797s ]
NOTIC: [8] Use of undefined constant __PUBLIC__ - assumed '__PUBLIC__' /home/xhj/izhiqi/izhiqi/Conf/Home/Dev/siteconfig.php 第 40 行.
ERR: 无法加载模块:Public

[ 2014-01-18T09:51:22+08:00 ] 127.0.0.1 /izhiqi/index.php/Public/css/home.css
INFO: [ route_check ] --START--
INFO: CheckRoute Behavior ::run [ RunTime:0.000539s ]
INFO: [ route_check ] --END-- [ RunTime:0.000633s ]
NOTIC: [8] Use of undefined constant __PUBLIC__ - assumed '__PUBLIC__' /home/xhj/izhiqi/izhiqi/Conf/Home/Dev/siteconfig.php 第 40 行.
ERR: 无法加载模块:Public

[ 2014-01-18T09:51:22+08:00 ] 127.0.0.1 /izhiqi/index.php/__PUBLIC__Public/js/application.js
INFO: [ route_check ] --START--
INFO: CheckRoute Behavior ::run [ RunTime:0.000760s ]
INFO: [ route_check ] --END-- [ RunTime:0.000903s ]
NOTIC: [8] Use of undefined constant __PUBLIC__ - assumed '__PUBLIC__' /home/xhj/izhiqi/izhiqi/Conf/Home/Dev/siteconfig.php 第 40 行.
ERR: 无法加载模块:_PUBLIC_Public

[ 2014-01-18T09:51:22+08:00 ] 127.0.0.1 /izhiqi/index.php/__PUBLIC__Public/js/jquery-1.8.2.min.js
INFO: [ route_check ] --START--
INFO: CheckRoute Behavior ::run [ RunTime:0.000499s ]
INFO: [ route_check ] --END-- [ RunTime:0.000611s ]
NOTIC: [8] Use of undefined constant __PUBLIC__ - assumed '__PUBLIC__' /home/xhj/izhiqi/izhiqi/Conf/Home/Dev/siteconfig.php 第 40 行.
ERR: 无法加载模块:_PUBLIC_Public

[ 2014-01-18T09:51:22+08:00 ] 127.0.0.1 /izhiqi/index.php/__PUBLIC__Public/js/jquery.backgroundSize.js
INFO: [ route_check ] --START--
INFO: CheckRoute Behavior ::run [ RunTime:0.000739s ]
INFO: [ route_check ] --END-- [ RunTime:0.000861s ]
NOTIC: [8] Use of undefined constant __PUBLIC__ - assumed '__PUBLIC__' /home/xhj/izhiqi/izhiqi/Conf/Home/Dev/siteconfig.php 第 40 行.
ERR: 无法加载模块:_PUBLIC_Public

[ 2014-01-18T09:52:00+08:00 ] 127.0.0.1 /izhiqi/index.php/Home
INFO: [ route_check ] --START--
INFO: CheckRoute Behavior ::run [ RunTime:0.000557s ]
INFO: [ route_check ] --END-- [ RunTime:0.000652s ]

[ 2014-01-18T09:52:02+08:00 ] 127.0.0.1 /izhiqi/index.php/Public/js/application.js
INFO: [ route_check ] --START--
INFO: CheckRoute Behavior ::run [ RunTime:0.003418s ]
INFO: [ route_check ] --END-- [ RunTime:0.003575s ]
ERR: 无法加载模块:Public

[ 2014-01-18T09:55:15+08:00 ] 127.0.0.1 /izhiqi/index.php/home/index/index.html
INFO: [ route_check ] --START--
INFO: CheckRoute Behavior ::run [ RunTime:0.000631s ]
INFO: [ route_check ] --END-- [ RunTime:0.000743s ]

[ 2014-01-18T09:55:15+08:00 ] 127.0.0.1 /izhiqi/index.php/home/index/Public/css/base.css
INFO: [ route_check ] --START--
INFO: CheckRoute Behavior ::run [ RunTime:0.000701s ]
INFO: [ route_check ] --END-- [ RunTime:0.000817s ]
ERR: 非法操作:public

[ 2014-01-18T09:55:15+08:00 ] 127.0.0.1 /izhiqi/index.php/home/index/Public/css/common.css
INFO: [ route_check ] --START--
INFO: CheckRoute Behavior ::run [ RunTime:0.000547s ]
INFO: [ route_check ] --END-- [ RunTime:0.000639s ]
ERR: 非法操作:public

[ 2014-01-18T09:55:15+08:00 ] 127.0.0.1 /izhiqi/index.php/home/index/Public/css/home.css
INFO: [ route_check ] --START--
INFO: CheckRoute Behavior ::run [ RunTime:0.000537s ]
INFO: [ route_check ] --END-- [ RunTime:0.000633s ]
ERR: 非法操作:public

[ 2014-01-18T09:55:15+08:00 ] 127.0.0.1 /izhiqi/index.php/home/index/Public/js/jquery-1.8.2.min.js
INFO: [ route_check ] --START--
INFO: CheckRoute Behavior ::run [ RunTime:0.000534s ]
INFO: [ route_check ] --END-- [ RunTime:0.000629s ]
ERR: 非法操作:public

[ 2014-01-18T09:55:15+08:00 ] 127.0.0.1 /izhiqi/index.php/home/index/Public/js/jquery.backgroundSize.js
INFO: [ route_check ] --START--
INFO: CheckRoute Behavior ::run [ RunTime:0.009402s ]
INFO: [ route_check ] --END-- [ RunTime:0.009536s ]
ERR: 非法操作:public

[ 2014-01-18T09:55:15+08:00 ] 127.0.0.1 /izhiqi/index.php/home/index/Public/js/application.js
INFO: [ route_check ] --START--
INFO: CheckRoute Behavior ::run [ RunTime:0.000606s ]
INFO: [ route_check ] --END-- [ RunTime:0.000719s ]
ERR: 非法操作:public

[ 2014-01-18T09:55:24+08:00 ] 127.0.0.1 /izhiqi/index.php/Public/css/base.css
INFO: [ route_check ] --START--
INFO: CheckRoute Behavior ::run [ RunTime:0.000580s ]
INFO: [ route_check ] --END-- [ RunTime:0.000677s ]
ERR: 无法加载模块:Public

[ 2014-01-18T09:57:24+08:00 ] 127.0.0.1 /izhiqi/index.php/home/index/index.html
INFO: [ route_check ] --START--
INFO: CheckRoute Behavior ::run [ RunTime:0.000660s ]
INFO: [ route_check ] --END-- [ RunTime:0.000788s ]

[ 2014-01-18T09:57:24+08:00 ] 127.0.0.1 /izhiqi/index.php/home/index/Public/css/base.css
INFO: [ route_check ] --START--
INFO: CheckRoute Behavior ::run [ RunTime:0.000591s ]
INFO: [ route_check ] --END-- [ RunTime:0.000700s ]
ERR: 非法操作:public

[ 2014-01-18T09:57:24+08:00 ] 127.0.0.1 /izhiqi/index.php/home/index/Public/css/common.css
INFO: [ route_check ] --START--
INFO: CheckRoute Behavior ::run [ RunTime:0.000500s ]
INFO: [ route_check ] --END-- [ RunTime:0.000589s ]
ERR: 非法操作:public

[ 2014-01-18T09:57:24+08:00 ] 127.0.0.1 /izhiqi/index.php/home/index/Public/css/home.css
INFO: [ route_check ] --START--
INFO: CheckRoute Behavior ::run [ RunTime:0.000570s ]
INFO: [ route_check ] --END-- [ RunTime:0.000673s ]
ERR: 非法操作:public

[ 2014-01-18T09:57:24+08:00 ] 127.0.0.1 /izhiqi/index.php/home/index/Public/js/jquery.backgroundSize.js
INFO: [ route_check ] --START--
INFO: CheckRoute Behavior ::run [ RunTime:0.000609s ]
INFO: [ route_check ] --END-- [ RunTime:0.000713s ]
ERR: 非法操作:public

[ 2014-01-18T09:57:24+08:00 ] 127.0.0.1 /izhiqi/index.php/home/index/Public/js/jquery-1.8.2.min.js
INFO: [ route_check ] --START--
INFO: CheckRoute Behavior ::run [ RunTime:0.000503s ]
INFO: [ route_check ] --END-- [ RunTime:0.000602s ]
ERR: 非法操作:public

[ 2014-01-18T09:57:24+08:00 ] 127.0.0.1 /izhiqi/index.php/home/index/Public/js/application.js
INFO: [ route_check ] --START--
INFO: CheckRoute Behavior ::run [ RunTime:0.000704s ]
INFO: [ route_check ] --END-- [ RunTime:0.000834s ]
ERR: 非法操作:public

[ 2014-01-18T09:57:27+08:00 ] 127.0.0.1 /izhiqi/index.php/home/index/index.html
INFO: [ route_check ] --START--
INFO: CheckRoute Behavior ::run [ RunTime:0.000587s ]
INFO: [ route_check ] --END-- [ RunTime:0.000685s ]

[ 2014-01-18T09:57:29+08:00 ] 127.0.0.1 /izhiqi/index.php/home/index/index.html
INFO: [ route_check ] --START--
INFO: CheckRoute Behavior ::run [ RunTime:0.000508s ]
INFO: [ route_check ] --END-- [ RunTime:0.000598s ]

[ 2014-01-18T09:58:30+08:00 ] 127.0.0.1 /izhiqi/index.php/
INFO: [ route_check ] --START--
INFO: CheckRoute Behavior ::run [ RunTime:0.000588s ]
INFO: [ route_check ] --END-- [ RunTime:0.000693s ]

[ 2014-01-18T09:58:31+08:00 ] 127.0.0.1 /izhiqi/index.php/Public/css/base.css
INFO: [ route_check ] --START--
INFO: CheckRoute Behavior ::run [ RunTime:0.000632s ]
INFO: [ route_check ] --END-- [ RunTime:0.000734s ]
ERR: 无法加载模块:Public

[ 2014-01-18T09:58:31+08:00 ] 127.0.0.1 /izhiqi/index.php/Public/css/common.css
INFO: [ route_check ] --START--
INFO: CheckRoute Behavior ::run [ RunTime:0.000527s ]
INFO: [ route_check ] --END-- [ RunTime:0.000618s ]
ERR: 无法加载模块:Public

[ 2014-01-18T09:58:31+08:00 ] 127.0.0.1 /izhiqi/index.php/Public/js/jquery-1.8.2.min.js
INFO: [ route_check ] --START--
INFO: CheckRoute Behavior ::run [ RunTime:0.000507s ]
INFO: [ route_check ] --END-- [ RunTime:0.000599s ]
ERR: 无法加载模块:Public

[ 2014-01-18T09:58:31+08:00 ] 127.0.0.1 /izhiqi/index.php/Public/css/home.css
INFO: [ route_check ] --START--
INFO: CheckRoute Behavior ::run [ RunTime:0.016823s ]
INFO: [ route_check ] --END-- [ RunTime:0.016946s ]
ERR: 无法加载模块:Public

[ 2014-01-18T09:58:31+08:00 ] 127.0.0.1 /izhiqi/index.php/Public/js/jquery.backgroundSize.js
INFO: [ route_check ] --START--
INFO: CheckRoute Behavior ::run [ RunTime:0.000642s ]
INFO: [ route_check ] --END-- [ RunTime:0.000741s ]
ERR: 无法加载模块:Public

[ 2014-01-18T09:58:31+08:00 ] 127.0.0.1 /izhiqi/index.php/Public/js/application.js
INFO: [ route_check ] --START--
INFO: CheckRoute Behavior ::run [ RunTime:0.001079s ]
INFO: [ route_check ] --END-- [ RunTime:0.001219s ]
ERR: 无法加载模块:Public

[ 2014-01-18T09:58:55+08:00 ] 127.0.0.1 /izhiqi/index.php/home/index/index.html
INFO: [ route_check ] --START--
INFO: CheckRoute Behavior ::run [ RunTime:0.000584s ]
INFO: [ route_check ] --END-- [ RunTime:0.000686s ]

[ 2014-01-18T09:59:48+08:00 ] 127.0.0.1 /izhiqi/index.php/
INFO: [ route_check ] --START--
INFO: CheckRoute Behavior ::run [ RunTime:0.000524s ]
INFO: [ route_check ] --END-- [ RunTime:0.000615s ]
NOTIC: [8] Use of undefined constant __ROOT1__ - assumed '__ROOT1__' /home/xhj/izhiqi/izhiqi/Conf/Home/Dev/siteconfig.php 第 41 行.
NOTIC: [8] Use of undefined constant __ROOT1__ - assumed '__ROOT1__' /home/xhj/izhiqi/izhiqi/Conf/Home/Dev/siteconfig.php 第 42 行.
NOTIC: [8] Use of undefined constant __ROOT1__ - assumed '__ROOT1__' /home/xhj/izhiqi/izhiqi/Conf/Home/Dev/siteconfig.php 第 43 行.

[ 2014-01-18T09:59:48+08:00 ] 127.0.0.1 /izhiqi/index.php/__ROOT1__Public/css/base.css
INFO: [ route_check ] --START--
INFO: CheckRoute Behavior ::run [ RunTime:0.000502s ]
INFO: [ route_check ] --END-- [ RunTime:0.000592s ]
NOTIC: [8] Use of undefined constant __ROOT1__ - assumed '__ROOT1__' /home/xhj/izhiqi/izhiqi/Conf/Home/Dev/siteconfig.php 第 41 行.
NOTIC: [8] Use of undefined constant __ROOT1__ - assumed '__ROOT1__' /home/xhj/izhiqi/izhiqi/Conf/Home/Dev/siteconfig.php 第 42 行.
NOTIC: [8] Use of undefined constant __ROOT1__ - assumed '__ROOT1__' /home/xhj/izhiqi/izhiqi/Conf/Home/Dev/siteconfig.php 第 43 行.
ERR: 无法加载模块:_ROOT1_Public

[ 2014-01-18T09:59:48+08:00 ] 127.0.0.1 /izhiqi/index.php/__ROOT1__Public/css/common.css
INFO: [ route_check ] --START--
INFO: CheckRoute Behavior ::run [ RunTime:0.000574s ]
INFO: [ route_check ] --END-- [ RunTime:0.000676s ]
NOTIC: [8] Use of undefined constant __ROOT1__ - assumed '__ROOT1__' /home/xhj/izhiqi/izhiqi/Conf/Home/Dev/siteconfig.php 第 41 行.
NOTIC: [8] Use of undefined constant __ROOT1__ - assumed '__ROOT1__' /home/xhj/izhiqi/izhiqi/Conf/Home/Dev/siteconfig.php 第 42 行.
NOTIC: [8] Use of undefined constant __ROOT1__ - assumed '__ROOT1__' /home/xhj/izhiqi/izhiqi/Conf/Home/Dev/siteconfig.php 第 43 行.
ERR: 无法加载模块:_ROOT1_Public

[ 2014-01-18T09:59:48+08:00 ] 127.0.0.1 /izhiqi/index.php/__ROOT1__Public/js/application.js
INFO: [ route_check ] --START--
INFO: CheckRoute Behavior ::run [ RunTime:0.000575s ]
INFO: [ route_check ] --END-- [ RunTime:0.000672s ]
NOTIC: [8] Use of undefined constant __ROOT1__ - assumed '__ROOT1__' /home/xhj/izhiqi/izhiqi/Conf/Home/Dev/siteconfig.php 第 41 行.
NOTIC: [8] Use of undefined constant __ROOT1__ - assumed '__ROOT1__' /home/xhj/izhiqi/izhiqi/Conf/Home/Dev/siteconfig.php 第 42 行.
NOTIC: [8] Use of undefined constant __ROOT1__ - assumed '__ROOT1__' /home/xhj/izhiqi/izhiqi/Conf/Home/Dev/siteconfig.php 第 43 行.
ERR: 无法加载模块:_ROOT1_Public

[ 2014-01-18T09:59:48+08:00 ] 127.0.0.1 /izhiqi/index.php/__ROOT1__Public/js/jquery-1.8.2.min.js
INFO: [ route_check ] --START--
INFO: CheckRoute Behavior ::run [ RunTime:0.000635s ]
INFO: [ route_check ] --END-- [ RunTime:0.000769s ]
NOTIC: [8] Use of undefined constant __ROOT1__ - assumed '__ROOT1__' /home/xhj/izhiqi/izhiqi/Conf/Home/Dev/siteconfig.php 第 41 行.
NOTIC: [8] Use of undefined constant __ROOT1__ - assumed '__ROOT1__' /home/xhj/izhiqi/izhiqi/Conf/Home/Dev/siteconfig.php 第 42 行.
NOTIC: [8] Use of undefined constant __ROOT1__ - assumed '__ROOT1__' /home/xhj/izhiqi/izhiqi/Conf/Home/Dev/siteconfig.php 第 43 行.
ERR: 无法加载模块:_ROOT1_Public

[ 2014-01-18T09:59:48+08:00 ] 127.0.0.1 /izhiqi/index.php/__ROOT1__Public/css/home.css
INFO: [ route_check ] --START--
INFO: CheckRoute Behavior ::run [ RunTime:0.000568s ]
INFO: [ route_check ] --END-- [ RunTime:0.000660s ]
NOTIC: [8] Use of undefined constant __ROOT1__ - assumed '__ROOT1__' /home/xhj/izhiqi/izhiqi/Conf/Home/Dev/siteconfig.php 第 41 行.
NOTIC: [8] Use of undefined constant __ROOT1__ - assumed '__ROOT1__' /home/xhj/izhiqi/izhiqi/Conf/Home/Dev/siteconfig.php 第 42 行.
NOTIC: [8] Use of undefined constant __ROOT1__ - assumed '__ROOT1__' /home/xhj/izhiqi/izhiqi/Conf/Home/Dev/siteconfig.php 第 43 行.
ERR: 无法加载模块:_ROOT1_Public

[ 2014-01-18T09:59:49+08:00 ] 127.0.0.1 /izhiqi/index.php/__ROOT1__Public/js/jquery.backgroundSize.js
INFO: [ route_check ] --START--
INFO: CheckRoute Behavior ::run [ RunTime:0.000695s ]
INFO: [ route_check ] --END-- [ RunTime:0.000830s ]
NOTIC: [8] Use of undefined constant __ROOT1__ - assumed '__ROOT1__' /home/xhj/izhiqi/izhiqi/Conf/Home/Dev/siteconfig.php 第 41 行.
NOTIC: [8] Use of undefined constant __ROOT1__ - assumed '__ROOT1__' /home/xhj/izhiqi/izhiqi/Conf/Home/Dev/siteconfig.php 第 42 行.
NOTIC: [8] Use of undefined constant __ROOT1__ - assumed '__ROOT1__' /home/xhj/izhiqi/izhiqi/Conf/Home/Dev/siteconfig.php 第 43 行.
ERR: 无法加载模块:_ROOT1_Public

[ 2014-01-18T09:59:51+08:00 ] 127.0.0.1 /izhiqi/index.php/home/index/index.html
INFO: [ route_check ] --START--
INFO: CheckRoute Behavior ::run [ RunTime:0.000586s ]
INFO: [ route_check ] --END-- [ RunTime:0.000690s ]
NOTIC: [8] Use of undefined constant __ROOT1__ - assumed '__ROOT1__' /home/xhj/izhiqi/izhiqi/Conf/Home/Dev/siteconfig.php 第 41 行.
NOTIC: [8] Use of undefined constant __ROOT1__ - assumed '__ROOT1__' /home/xhj/izhiqi/izhiqi/Conf/Home/Dev/siteconfig.php 第 42 行.
NOTIC: [8] Use of undefined constant __ROOT1__ - assumed '__ROOT1__' /home/xhj/izhiqi/izhiqi/Conf/Home/Dev/siteconfig.php 第 43 行.

[ 2014-01-18T10:02:34+08:00 ] 127.0.0.1 /izhiqi/index.php/home/index/index.html
INFO: [ route_check ] --START--
INFO: CheckRoute Behavior ::run [ RunTime:0.000605s ]
INFO: [ route_check ] --END-- [ RunTime:0.000707s ]

[ 2014-01-18T10:02:36+08:00 ] 127.0.0.1 /izhiqi/index.php/
INFO: [ route_check ] --START--
INFO: CheckRoute Behavior ::run [ RunTime:0.000516s ]
INFO: [ route_check ] --END-- [ RunTime:0.000615s ]

[ 2014-01-18T10:02:43+08:00 ] 127.0.0.1 /izhiqi/index.php/home/index/index.html
INFO: [ route_check ] --START--
INFO: CheckRoute Behavior ::run [ RunTime:0.000582s ]
INFO: [ route_check ] --END-- [ RunTime:0.000682s ]

[ 2014-01-18T10:03:04+08:00 ] 127.0.0.1 /izhiqi/index.php/login/userRegister.html
INFO: [ route_check ] --START--
INFO: CheckRoute Behavior ::run [ RunTime:0.000536s ]
INFO: [ route_check ] --END-- [ RunTime:0.000625s ]

[ 2014-01-18T10:03:26+08:00 ] 127.0.0.1 /izhiqi/index.php/verifyemail/sendEmail.html?email=286895304@qq.com
INFO: [ route_check ] --START--
INFO: CheckRoute Behavior ::run [ RunTime:0.000561s ]
INFO: [ route_check ] --END-- [ RunTime:0.000642s ]

[ 2014-01-18T10:03:27+08:00 ] 127.0.0.1 /izhiqi/index.php/verifyemail/sendEmail.html?email=286895304@qq.com
INFO: [ route_check ] --START--
INFO: CheckRoute Behavior ::run [ RunTime:0.000491s ]
INFO: [ route_check ] --END-- [ RunTime:0.000577s ]

[ 2014-01-18T10:03:57+08:00 ] 127.0.0.1 /izhiqi/index.php/login/userregister.html
INFO: [ route_check ] --START--
INFO: CheckRoute Behavior ::run [ RunTime:0.000750s ]
INFO: [ route_check ] --END-- [ RunTime:0.000896s ]

[ 2014-01-18T10:04:32+08:00 ] 127.0.0.1 /izhiqi/index.php/home/index/index.html
INFO: [ route_check ] --START--
INFO: CheckRoute Behavior ::run [ RunTime:0.000605s ]
INFO: [ route_check ] --END-- [ RunTime:0.000698s ]

[ 2014-01-18T10:04:35+08:00 ] 127.0.0.1 /izhiqi/index.php/login/userRegister.html
INFO: [ route_check ] --START--
INFO: CheckRoute Behavior ::run [ RunTime:0.000584s ]
INFO: [ route_check ] --END-- [ RunTime:0.000685s ]

[ 2014-01-18T10:22:07+08:00 ] 127.0.0.1 /izhiqi/index.php/login/userregister.html
INFO: [ route_check ] --START--
INFO: CheckRoute Behavior ::run [ RunTime:0.000579s ]
INFO: [ route_check ] --END-- [ RunTime:0.000680s ]

[ 2014-01-18T10:22:41+08:00 ] 127.0.0.1 /izhiqi/index.php/login/userregister.html
INFO: [ route_check ] --START--
INFO: CheckRoute Behavior ::run [ RunTime:0.000570s ]
INFO: [ route_check ] --END-- [ RunTime:0.000672s ]

[ 2014-01-18T10:29:48+08:00 ] 127.0.0.1 /izhiqi/index.php/login/userregister.html
INFO: [ route_check ] --START--
INFO: CheckRoute Behavior ::run [ RunTime:0.000533s ]
INFO: [ route_check ] --END-- [ RunTime:0.000628s ]

[ 2014-01-18T10:30:01+08:00 ] 127.0.0.1 /izhiqi/index.php/login/userRegister.html
INFO: [ route_check ] --START--
INFO: CheckRoute Behavior ::run [ RunTime:0.000511s ]
INFO: [ route_check ] --END-- [ RunTime:0.000603s ]

[ 2014-01-18T10:30:25+08:00 ] 127.0.0.1 /izhiqi/index.php/login/userregister.html
INFO: [ route_check ] --START--
INFO: CheckRoute Behavior ::run [ RunTime:0.000706s ]
INFO: [ route_check ] --END-- [ RunTime:0.000832s ]

[ 2014-01-18T10:32:45+08:00 ] 127.0.0.1 /izhiqi/index.php/login/userregister.html
INFO: [ route_check ] --START--
INFO: CheckRoute Behavior ::run [ RunTime:0.000519s ]
INFO: [ route_check ] --END-- [ RunTime:0.000607s ]

[ 2014-01-18T11:34:38+08:00 ] 127.0.0.1 /izhiqi/index.php/login/userLogin.html
INFO: [ route_check ] --START--
INFO: CheckRoute Behavior ::run [ RunTime:0.000537s ]
INFO: [ route_check ] --END-- [ RunTime:0.000625s ]

[ 2014-01-18T11:34:41+08:00 ] 127.0.0.1 /izhiqi/index.php/login/userRegister.html
INFO: [ route_check ] --START--
INFO: CheckRoute Behavior ::run [ RunTime:0.000522s ]
INFO: [ route_check ] --END-- [ RunTime:0.000610s ]

[ 2014-01-18T11:34:55+08:00 ] 127.0.0.1 /izhiqi/index.php/login/userregister.html
INFO: [ route_check ] --START--
INFO: CheckRoute Behavior ::run [ RunTime:0.001860s ]
INFO: [ route_check ] --END-- [ RunTime:0.001967s ]

[ 2014-01-18T11:34:55+08:00 ] 127.0.0.1 /izhiqi/index.php/login/addUserinfo.html
INFO: [ route_check ] --START--
INFO: CheckRoute Behavior ::run [ RunTime:0.000498s ]
INFO: [ route_check ] --END-- [ RunTime:0.000581s ]

[ 2014-01-18T13:22:46+08:00 ] 127.0.0.1 /izhiqi/index.php/login/adduserinfo.html
INFO: [ route_check ] --START--
INFO: CheckRoute Behavior ::run [ RunTime:0.000539s ]
INFO: [ route_check ] --END-- [ RunTime:0.000630s ]

[ 2014-01-18T13:22:46+08:00 ] 127.0.0.1 /izhiqi/index.php/login/userLogin.html
INFO: [ route_check ] --START--
INFO: CheckRoute Behavior ::run [ RunTime:0.000486s ]
INFO: [ route_check ] --END-- [ RunTime:0.000567s ]

[ 2014-01-18T13:25:29+08:00 ] 127.0.0.1 /izhiqi/index.php/login/userLogin.html
INFO: [ route_check ] --START--
INFO: CheckRoute Behavior ::run [ RunTime:0.000624s ]
INFO: [ route_check ] --END-- [ RunTime:0.000742s ]

[ 2014-01-18T13:25:29+08:00 ] 127.0.0.1 /izhiqi/index.php/search/job.html
INFO: [ route_check ] --START--
INFO: CheckRoute Behavior ::run [ RunTime:0.000552s ]
INFO: [ route_check ] --END-- [ RunTime:0.000639s ]

[ 2014-01-18T13:25:31+08:00 ] 127.0.0.1 /izhiqi/index.php/search/job.html?id=5
INFO: [ route_check ] --START--
INFO: CheckRoute Behavior ::run [ RunTime:0.000556s ]
INFO: [ route_check ] --END-- [ RunTime:0.000654s ]

[ 2014-01-18T13:25:33+08:00 ] 127.0.0.1 /izhiqi/index.php/search/job.html?id=8
INFO: [ route_check ] --START--
INFO: CheckRoute Behavior ::run [ RunTime:0.000512s ]
INFO: [ route_check ] --END-- [ RunTime:0.000599s ]

[ 2014-01-18T13:25:34+08:00 ] 127.0.0.1 /izhiqi/index.php/search/job.html?id=20
INFO: [ route_check ] --START--
INFO: CheckRoute Behavior ::run [ RunTime:0.000513s ]
INFO: [ route_check ] --END-- [ RunTime:0.000603s ]

[ 2014-01-18T13:25:35+08:00 ] 127.0.0.1 /izhiqi/index.php/search/job.html?id=8
INFO: [ route_check ] --START--
INFO: CheckRoute Behavior ::run [ RunTime:0.000515s ]
INFO: [ route_check ] --END-- [ RunTime:0.000605s ]

[ 2014-01-18T13:25:37+08:00 ] 127.0.0.1 /izhiqi/index.php/search/job.html?id=5
INFO: [ route_check ] --START--
INFO: CheckRoute Behavior ::run [ RunTime:0.000633s ]
INFO: [ route_check ] --END-- [ RunTime:0.000738s ]

[ 2014-01-18T13:25:38+08:00 ] 127.0.0.1 /izhiqi/index.php/search/job.html?id=1
INFO: [ route_check ] --START--
INFO: CheckRoute Behavior ::run [ RunTime:0.000538s ]
INFO: [ route_check ] --END-- [ RunTime:0.000631s ]

[ 2014-01-18T13:34:22+08:00 ] 127.0.0.1 /izhiqi/index.php/user/invitedList.html
INFO: [ route_check ] --START--
INFO: CheckRoute Behavior ::run [ RunTime:0.000673s ]
INFO: [ route_check ] --END-- [ RunTime:0.000803s ]

[ 2014-01-18T13:34:24+08:00 ] 127.0.0.1 /izhiqi/index.php/user/setting.html
INFO: [ route_check ] --START--
INFO: CheckRoute Behavior ::run [ RunTime:0.000509s ]
INFO: [ route_check ] --END-- [ RunTime:0.000599s ]

[ 2014-01-18T13:34:33+08:00 ] 127.0.0.1 /izhiqi/index.php/user/setting.html
INFO: [ route_check ] --START--
INFO: CheckRoute Behavior ::run [ RunTime:0.000531s ]
INFO: [ route_check ] --END-- [ RunTime:0.000629s ]

[ 2014-01-18T13:34:39+08:00 ] 127.0.0.1 /izhiqi/index.php/user/userinfo.html
INFO: [ route_check ] --START--
INFO: CheckRoute Behavior ::run [ RunTime:0.000519s ]
INFO: [ route_check ] --END-- [ RunTime:0.000617s ]

[ 2014-01-18T13:34:42+08:00 ] 127.0.0.1 /izhiqi/index.php/search/job.html
INFO: [ route_check ] --START--
INFO: CheckRoute Behavior ::run [ RunTime:0.000564s ]
INFO: [ route_check ] --END-- [ RunTime:0.000668s ]

[ 2014-01-18T13:34:47+08:00 ] 127.0.0.1 /izhiqi/index.php/user/setting.html
INFO: [ route_check ] --START--
INFO: CheckRoute Behavior ::run [ RunTime:0.000517s ]
INFO: [ route_check ] --END-- [ RunTime:0.000607s ]

[ 2014-01-18T13:52:27+08:00 ] 127.0.0.1 /izhiqi/index.php/search/job.html
INFO: [ route_check ] --START--
INFO: CheckRoute Behavior ::run [ RunTime:0.000589s ]
INFO: [ route_check ] --END-- [ RunTime:0.000828s ]

[ 2014-01-18T13:52:32+08:00 ] 127.0.0.1 /izhiqi/index.php/search/job.html
INFO: [ route_check ] --START--
INFO: CheckRoute Behavior ::run [ RunTime:0.000730s ]
INFO: [ route_check ] --END-- [ RunTime:0.000824s ]

[ 2014-01-18T13:52:35+08:00 ] 127.0.0.1 /izhiqi/index.php/
INFO: [ route_check ] --START--
INFO: CheckRoute Behavior ::run [ RunTime:0.000607s ]
INFO: [ route_check ] --END-- [ RunTime:0.000711s ]

