[ 2014-01-16T00:06:42+08:00 ] 127.0.0.1 /izhiqi/index.php/Home/index.php
INFO: [ route_check ] --START--
INFO: CheckRoute Behavior ::run [ RunTime:0.000635s ]
INFO: [ route_check ] --END-- [ RunTime:0.000757s ]
INFO: [ app_begin ] --START--
INFO: ReadHtmlCache Behavior ::run [ RunTime:0.000339s ]
INFO: [ app_begin ] --END-- [ RunTime:0.000398s ]
NOTIC: [8] Undefined variable: group /home/xhj/izhiqi/ThinkPHP/Lib/Core/App.class.php 第 95 行.
ERR: 无法加载模块:index.php

[ 2014-01-16T00:06:50+08:00 ] 127.0.0.1 /izhiqi/index.php/Home
INFO: [ route_check ] --START--
INFO: CheckRoute Behavior ::run [ RunTime:0.000592s ]
INFO: [ route_check ] --END-- [ RunTime:0.000724s ]
INFO: [ app_begin ] --START--
INFO: ReadHtmlCache Behavior ::run [ RunTime:0.000357s ]
INFO: [ app_begin ] --END-- [ RunTime:0.000420s ]
ERR: 无法加载模块:Index

[ 2014-01-16T00:07:06+08:00 ] 127.0.0.1 /izhiqi/index.php
INFO: [ app_begin ] --START--
INFO: ReadHtmlCache Behavior ::run [ RunTime:0.004552s ]
INFO: [ app_begin ] --END-- [ RunTime:0.004684s ]
ERR: 无法加载模块:Index

[ 2014-01-16T00:07:14+08:00 ] 127.0.0.1 /izhiqi/
INFO: [ app_begin ] --START--
INFO: ReadHtmlCache Behavior ::run [ RunTime:0.000338s ]
INFO: [ app_begin ] --END-- [ RunTime:0.000433s ]
ERR: 无法加载模块:Index

[ 2014-01-16T00:11:14+08:00 ] 127.0.0.1 /izhiqi/
INFO: [ app_begin ] --START--
INFO: ReadHtmlCache Behavior ::run [ RunTime:0.000460s ]
INFO: [ app_begin ] --END-- [ RunTime:0.000589s ]
ERR: 无法加载模块:Index

[ 2014-01-16T00:18:06+08:00 ] 127.0.0.1 /izhiqi/
INFO: [ app_begin ] --START--
INFO: ReadHtmlCache Behavior ::run [ RunTime:0.000393s ]
INFO: [ app_begin ] --END-- [ RunTime:0.000505s ]
ERR: 无法加载模块:Index

[ 2014-01-16T00:24:24+08:00 ] 127.0.0.1 /izhiqi/
INFO: [ app_begin ] --START--
INFO: ReadHtmlCache Behavior ::run [ RunTime:0.000383s ]
INFO: [ app_begin ] --END-- [ RunTime:0.000493s ]
ERR: 无法加载模块:Index

[ 2014-01-16T00:27:11+08:00 ] 127.0.0.1 /izhiqi/index.php/Home/Index/index.php
INFO: [ route_check ] --START--
INFO: CheckRoute Behavior ::run [ RunTime:0.000607s ]
INFO: [ route_check ] --END-- [ RunTime:0.000713s ]
INFO: [ app_begin ] --START--
INFO: ReadHtmlCache Behavior ::run [ RunTime:0.000410s ]
INFO: [ app_begin ] --END-- [ RunTime:0.000488s ]
ERR: 无法加载模块:Index

[ 2014-01-16T00:27:37+08:00 ] 127.0.0.1 /izhiqi/index.php/Index/index.php
INFO: [ route_check ] --START--
INFO: CheckRoute Behavior ::run [ RunTime:0.000568s ]
INFO: [ route_check ] --END-- [ RunTime:0.000664s ]
INFO: [ app_begin ] --START--
INFO: ReadHtmlCache Behavior ::run [ RunTime:0.000354s ]
INFO: [ app_begin ] --END-- [ RunTime:0.000417s ]
ERR: 无法加载模块:Index

[ 2014-01-16T00:31:50+08:00 ] 127.0.0.1 /izhiqi/index.php/Index/index.php
INFO: [ route_check ] --START--
INFO: CheckRoute Behavior ::run [ RunTime:0.000632s ]
INFO: [ route_check ] --END-- [ RunTime:0.000737s ]
INFO: [ app_begin ] --START--
INFO: ReadHtmlCache Behavior ::run [ RunTime:0.000391s ]
INFO: [ app_begin ] --END-- [ RunTime:0.000470s ]
ERR: 非法操作:index.php

[ 2014-01-16T00:32:02+08:00 ] 127.0.0.1 /izhiqi/index.php/Home/Index/index.php
INFO: [ route_check ] --START--
INFO: CheckRoute Behavior ::run [ RunTime:0.000809s ]
INFO: [ route_check ] --END-- [ RunTime:0.000936s ]
INFO: [ app_begin ] --START--
INFO: ReadHtmlCache Behavior ::run [ RunTime:0.000377s ]
INFO: [ app_begin ] --END-- [ RunTime:0.000444s ]
ERR: 非法操作:index.php

